2024-10-04 04:47:03.615 [info] Log level: Info
2024-10-04 04:47:03.615 [info] Validating found git in: "git"
2024-10-04 04:47:03.615 [info] Using git "2.43.0" from "git"
2024-10-04 04:47:03.615 [info] > git rev-parse --show-toplevel [37ms]
2024-10-04 04:47:03.647 [info] > git rev-parse --git-dir --git-common-dir [24ms]
2024-10-04 04:47:03.658 [info] Open repository: /home/braceskabane/proposal
2024-10-04 04:47:03.680 [info] > git rev-parse --show-toplevel [13ms]
2024-10-04 04:47:03.698 [info] > git rev-parse --show-toplevel [6ms]
2024-10-04 04:47:03.708 [info] > git config --get commit.template [35ms]
2024-10-04 04:47:03.714 [info] > git rev-parse --show-toplevel [8ms]
2024-10-04 04:47:03.753 [info] > git rev-parse --show-toplevel [22ms]
2024-10-04 04:47:03.772 [info] > git rev-parse --show-toplevel [7ms]
2024-10-04 04:47:03.778 [info] > git for-each-ref --format=%(refname)%00%(upstream:short)%00%(objectname)%00%(upstream:track)%00%(upstream:remotename)%00%(upstream:remoteref) refs/heads/main refs/remotes/main [26ms]
2024-10-04 04:47:03.796 [info] > git status -z -uall --find-renames=50% [10ms]
2024-10-04 04:47:03.797 [info] > git rev-parse --show-toplevel [20ms]
2024-10-04 04:47:03.805 [info] > git rev-parse --show-toplevel [1ms]
2024-10-04 04:47:03.834 [info] > git config --get commit.template [7ms]
2024-10-04 04:47:03.847 [info] > git for-each-ref --format=%(refname)%00%(upstream:short)%00%(objectname)%00%(upstream:track)%00%(upstream:remotename)%00%(upstream:remoteref) refs/heads/main refs/remotes/main [4ms]
2024-10-04 04:47:03.858 [info] > git status -z -uall --find-renames=50% [3ms]
2024-10-04 04:47:04.288 [info] > git check-ignore -v -z --stdin [13ms]
2024-10-04 04:47:04.311 [info] > git show --textconv :konten/1-pendahuluan.tex [8ms]
2024-10-04 04:47:04.311 [info] > git ls-files --stage -- /home/braceskabane/proposal/konten/1-pendahuluan.tex [2ms]
2024-10-04 04:47:04.319 [info] > git cat-file -s d63e1f45632f6fd13167b30b78ece6f715c14bdb [2ms]
2024-10-04 04:47:42.563 [info] > git check-ignore -v -z --stdin [2ms]
2024-10-04 04:47:40.560 [info] > git check-ignore -v -z --stdin [1ms]
2024-10-04 04:47:42.199 [info] > git config --get commit.template [1ms]
2024-10-04 04:47:42.211 [info] > git for-each-ref --format=%(refname)%00%(upstream:short)%00%(objectname)%00%(upstream:track)%00%(upstream:remotename)%00%(upstream:remoteref) refs/heads/main refs/remotes/main [1ms]
2024-10-04 04:47:42.232 [info] > git status -z -uall --find-renames=50% [5ms]
2024-10-04 04:47:49.559 [info] > git config --get commit.template [5ms]
2024-10-04 04:47:49.573 [info] > git for-each-ref --format=%(refname)%00%(upstream:short)%00%(objectname)%00%(upstream:track)%00%(upstream:remotename)%00%(upstream:remoteref) refs/heads/main refs/remotes/main [4ms]
2024-10-04 04:47:49.588 [info] > git status -z -uall --find-renames=50% [5ms]
2024-10-04 04:48:47.834 [info] > git check-ignore -v -z --stdin [1ms]
2024-10-04 04:48:50.062 [info] > git config --get commit.template [2ms]
2024-10-04 04:48:50.076 [info] > git for-each-ref --format=%(refname)%00%(upstream:short)%00%(objectname)%00%(upstream:track)%00%(upstream:remotename)%00%(upstream:remoteref) refs/heads/main refs/remotes/main [2ms]
2024-10-04 04:48:50.088 [info] > git status -z -uall --find-renames=50% [2ms]
2024-10-04 04:49:10.594 [info] > git check-ignore -v -z --stdin [1ms]
2024-10-04 04:49:12.846 [info] > git config --get commit.template [2ms]
2024-10-04 04:49:12.858 [info] > git for-each-ref --format=%(refname)%00%(upstream:short)%00%(objectname)%00%(upstream:track)%00%(upstream:remotename)%00%(upstream:remoteref) refs/heads/main refs/remotes/main [2ms]
2024-10-04 04:49:12.880 [info] > git status -z -uall --find-renames=50% [4ms]
