[09:49:41.454][Logger] New log placeholder %WS1% registered for /home/braceskabane/proposal .
[09:49:41.454][Extension] Initializing LaTeX Workshop.
[09:49:41.726][Build][Recipe] Set $LATEXWORKSHOP_DOCKER_LATEX: ""
[09:49:41.787][Server] Creating LaTeX Workshop http and websocket server.
[09:49:41.942][Format][Bib] Bibtex format config: {"tab":"  ","case":"lowercase","left":"{","right":"}","trailingComma":false,"sort":["key"],"alignOnEqual":true,"sortFields":false,"fieldsOrder":[],"firstEntries":["string","xdata"]}
[09:49:42.031][Server] Server successfully started: {"address":"127.0.0.1","family":"IPv4","port":46379} .
[09:49:42.091][Server] valdOrigin is http://127.0.0.1:46379
[09:49:42.144][Extension] Extension root: /home/braceskabane/.vscode-server/extensions/james-yu.latex-workshop-9.20.1
[09:49:42.144][Extension] $PATH: /home/braceskabane/.vscode-server/bin/b380da4ef1ee00e224a15c1d4d9793e27c2b6302/bin/remote-cli:/usr/local/sbin:/usr/local/bin:/usr/sbin:/usr/bin:/sbin:/bin:/usr/games:/usr/local/games:/usr/lib/wsl/lib:/mnt/c/Program Files (x86)/Common Files/Oracle/Java/javapath:/mnt/c/Program Files/Tesseract-OCR:/mnt/c/WINDOWS/system32:/mnt/c/WINDOWS:/mnt/c/WINDOWS/System32/Wbem:/mnt/c/WINDOWS/System32/WindowsPowerShell/v1.0/:/mnt/c/WINDOWS/System32/OpenSSH/:/mnt/c/Program Files/Git/bin:/mnt/c/Program Files/nodejs:/mnt/c/Program Files/gradle-8.5/bin:/mnt/c/Program Files/zulu-17/bin:/mnt/c/Program Files/Docker/Docker/resources/bin:/mnt/c/Program Files/dotnet/:/mnt/c/Program Files/MiKTeX/miktex/bin/x64/:/mnt/c/Strawberry/c/bin:/mnt/c/Strawberry/perl/site/bin:/mnt/c/Strawberry/perl/bin:/mnt/c/Users/ACER/AppData/Local/Programs/Python/Python311/Scripts/:/mnt/c/Users/ACER/AppData/Local/Programs/Python/Python311/:/mnt/c/Users/ACER/AppData/Local/Microsoft/WindowsApps:/mnt/c/Users/ACER/AppData/Local/Programs/Microsoft VS Code/bin:/mnt/c/Users/ACER/AppData/Local/Programs/MiKTeX/miktex/bin/x64/:/mnt/c/Users/ACER/AppData/Roaming/npm:/mnt/c/Users/ACER/AppData/Local/GitHubDesktop/bin:/mnt/c/Program Files/zulu-17/bin:/mnt/c/Program Files/JetBrains/IntelliJ IDEA Community Edition 2023.3.2/bin:/mnt/c/Program Files/MiKTeX/miktex/bin/x64/:/snap/bin
[09:49:42.145][Extension] $SHELL: /bin/bash
[09:49:42.145][Extension] $LANG: C.UTF-8
[09:49:42.145][Extension] $LC_ALL: undefined
[09:49:42.146][Extension] process.platform: linux
[09:49:42.146][Extension] process.arch: x64
[09:49:42.146][Extension] vscode.env.appName: Visual Studio Code
[09:49:42.146][Extension] vscode.env.remoteName: wsl
[09:49:42.146][Extension] vscode.env.uiKind: 1
[09:49:42.222][Extension] Trigger characters for intellisense of LaTeX documents: ["\\",",","{"]
[09:49:42.226][Root] Current workspace folders: ["file://%WS1%"]
[09:49:42.227][Extension] LaTeX Workshop initialized.
[09:49:42.471][Root] Current workspaceRootDir: file://%WS1% .
[09:49:42.724][Viewer][Panel] Internal PDF viewer at http://127.0.0.1:46379/viewer.html?file=pdf..ZmlsZSUzQSUyRiUyRiUyRmhvbWUlMkZicmFjZXNrYWJhbmUlMkZwcm9wb3NhbCUyRm1haW4ucGRm .
[09:49:42.725][Cacher][Watcher] Watched %WS1%/main.pdf with a new .pdf watcher on %WS1% .
[09:49:42.725][Event] FILE_WATCHED: "%WS1%/main.pdf"
[09:49:42.738][Root] Found root file from '.fls': %WS1%/main.tex
[09:49:42.739][Root] Root file changed: from %WS1%/main.tex to %WS1%/main.tex, langID latex . Refresh dependencies
[09:49:42.739][Event] ROOT_FILE_CHANGED: "%WS1%/main.tex"
[09:49:42.740][Cacher][Watcher] Reset.
[09:49:42.741][Cacher][Watcher] Reset.
[09:49:42.751][Cacher] Adding %WS1%/main.tex .
[09:49:42.752][Cacher][Watcher] Watched %WS1%/main.tex with a new .* watcher on %WS1% .
[09:49:42.752][Event] FILE_WATCHED: "%WS1%/main.tex"
[09:49:42.755][Cacher] Caching %WS1%/main.tex .
[09:49:42.757][Cacher] Input %WS1%/pustaka/tanda-hubung.tex from %WS1%/main.tex .
[09:49:42.758][Cacher] Adding %WS1%/pustaka/tanda-hubung.tex .
[09:49:42.758][Cacher][Watcher] Watched %WS1%/pustaka/tanda-hubung.tex with a new .* watcher on %WS1%/pustaka .
[09:49:42.758][Event] FILE_WATCHED: "%WS1%/pustaka/tanda-hubung.tex"
[09:49:42.759][Cacher] Caching %WS1%/pustaka/tanda-hubung.tex .
[09:49:42.759][Cacher] Updated inputs of %WS1%/pustaka/tanda-hubung.tex .
[09:49:42.760][Cacher] Parse LaTeX AST: %WS1%/pustaka/tanda-hubung.tex .
[09:49:42.760][Cacher] Input %WS1%/sampul/sampul-luar.tex from %WS1%/main.tex .
[09:49:42.760][Cacher] Adding %WS1%/sampul/sampul-luar.tex .
[09:49:42.761][Cacher][Watcher] Watched %WS1%/sampul/sampul-luar.tex with a new .* watcher on %WS1%/sampul .
[09:49:42.761][Event] FILE_WATCHED: "%WS1%/sampul/sampul-luar.tex"
[09:49:42.761][Cacher] Caching %WS1%/sampul/sampul-luar.tex .
[09:49:42.762][Cacher] Updated inputs of %WS1%/sampul/sampul-luar.tex .
[09:49:42.763][Cacher] Parse LaTeX AST: %WS1%/sampul/sampul-luar.tex .
[09:49:42.763][Cacher] Input %WS1%/lainnya/lembar-pengesahan.tex from %WS1%/main.tex .
[09:49:42.763][Cacher] Adding %WS1%/lainnya/lembar-pengesahan.tex .
[09:49:42.764][Cacher][Watcher] Watched %WS1%/lainnya/lembar-pengesahan.tex with a new .* watcher on %WS1%/lainnya .
[09:49:42.764][Event] FILE_WATCHED: "%WS1%/lainnya/lembar-pengesahan.tex"
[09:49:42.764][Cacher] Caching %WS1%/lainnya/lembar-pengesahan.tex .
[09:49:42.765][Cacher] Updated inputs of %WS1%/lainnya/lembar-pengesahan.tex .
[09:49:42.765][Cacher] Parse LaTeX AST: %WS1%/lainnya/lembar-pengesahan.tex .
[09:49:42.765][Cacher] Input %WS1%/lainnya/abstrak.tex from %WS1%/main.tex .
[09:49:42.766][Cacher] Adding %WS1%/lainnya/abstrak.tex .
[09:49:42.766][Cacher][Watcher] Watched %WS1%/lainnya/abstrak.tex by the .* watcher.
[09:49:42.766][Event] FILE_WATCHED: "%WS1%/lainnya/abstrak.tex"
[09:49:42.770][Cacher] Caching %WS1%/lainnya/abstrak.tex .
[09:49:42.770][Cacher] Updated inputs of %WS1%/lainnya/abstrak.tex .
[09:49:42.770][Cacher] Parse LaTeX AST: %WS1%/lainnya/abstrak.tex .
[09:49:42.771][Cacher] Input %WS1%/lainnya/abstrak-en.tex from %WS1%/main.tex .
[09:49:42.771][Cacher] Adding %WS1%/lainnya/abstrak-en.tex .
[09:49:42.772][Cacher][Watcher] Watched %WS1%/lainnya/abstrak-en.tex by the .* watcher.
[09:49:42.772][Event] FILE_WATCHED: "%WS1%/lainnya/abstrak-en.tex"
[09:49:42.772][Cacher] Caching %WS1%/lainnya/abstrak-en.tex .
[09:49:42.773][Cacher] Updated inputs of %WS1%/lainnya/abstrak-en.tex .
[09:49:42.773][Cacher] Parse LaTeX AST: %WS1%/lainnya/abstrak-en.tex .
[09:49:42.773][Cacher] Input %WS1%/konten/1-pendahuluan.tex from %WS1%/main.tex .
[09:49:42.774][Cacher] Adding %WS1%/konten/1-pendahuluan.tex .
[09:49:42.774][Cacher][Watcher] Watched %WS1%/konten/1-pendahuluan.tex with a new .* watcher on %WS1%/konten .
[09:49:42.774][Event] FILE_WATCHED: "%WS1%/konten/1-pendahuluan.tex"
[09:49:42.775][Cacher] Caching %WS1%/konten/1-pendahuluan.tex .
[09:49:42.775][Cacher] Updated inputs of %WS1%/konten/1-pendahuluan.tex .
[09:49:42.775][Cacher] Parse LaTeX AST: %WS1%/konten/1-pendahuluan.tex .
[09:49:42.776][Cacher] Input %WS1%/konten/2-tinjauan-pustaka.tex from %WS1%/main.tex .
[09:49:42.776][Cacher] Adding %WS1%/konten/2-tinjauan-pustaka.tex .
[09:49:42.776][Cacher][Watcher] Watched %WS1%/konten/2-tinjauan-pustaka.tex by the .* watcher.
[09:49:42.776][Event] FILE_WATCHED: "%WS1%/konten/2-tinjauan-pustaka.tex"
[09:49:42.777][Cacher] Caching %WS1%/konten/2-tinjauan-pustaka.tex .
[09:49:42.777][Cacher] Updated inputs of %WS1%/konten/2-tinjauan-pustaka.tex .
[09:49:42.778][Cacher] Parse LaTeX AST: %WS1%/konten/2-tinjauan-pustaka.tex .
[09:49:42.778][Cacher] Input %WS1%/konten/3-metodologi.tex from %WS1%/main.tex .
[09:49:42.778][Cacher] Adding %WS1%/konten/3-metodologi.tex .
[09:49:42.778][Cacher][Watcher] Watched %WS1%/konten/3-metodologi.tex by the .* watcher.
[09:49:42.779][Event] FILE_WATCHED: "%WS1%/konten/3-metodologi.tex"
[09:49:42.779][Cacher] Caching %WS1%/konten/3-metodologi.tex .
[09:49:42.780][Cacher] Updated inputs of %WS1%/konten/3-metodologi.tex .
[09:49:42.780][Cacher] Parse LaTeX AST: %WS1%/konten/3-metodologi.tex .
[09:49:42.780][Cacher] Input %WS1%/konten/4-lainnya.tex from %WS1%/main.tex .
[09:49:42.781][Cacher] Adding %WS1%/konten/4-lainnya.tex .
[09:49:42.782][Cacher][Watcher] Watched %WS1%/konten/4-lainnya.tex by the .* watcher.
[09:49:42.782][Event] FILE_WATCHED: "%WS1%/konten/4-lainnya.tex"
[09:49:42.782][Cacher] Caching %WS1%/konten/4-lainnya.tex .
[09:49:42.783][Cacher] Updated inputs of %WS1%/konten/4-lainnya.tex .
[09:49:42.783][Cacher] Parse LaTeX AST: %WS1%/konten/4-lainnya.tex .
[09:49:42.783][Cacher] Input %WS1%/konten/5-jadwal-penelitian.tex from %WS1%/main.tex .
[09:49:42.784][Cacher] Adding %WS1%/konten/5-jadwal-penelitian.tex .
[09:49:42.784][Cacher][Watcher] Watched %WS1%/konten/5-jadwal-penelitian.tex by the .* watcher.
[09:49:42.784][Event] FILE_WATCHED: "%WS1%/konten/5-jadwal-penelitian.tex"
[09:49:42.784][Cacher] Caching %WS1%/konten/5-jadwal-penelitian.tex .
[09:49:42.785][Cacher] Updated inputs of %WS1%/konten/5-jadwal-penelitian.tex .
[09:49:42.785][Cacher] Parse LaTeX AST: %WS1%/konten/5-jadwal-penelitian.tex .
[09:49:42.785][Cacher] Updated inputs of %WS1%/main.tex .
[09:49:42.785][Cacher] Parse LaTeX AST: %WS1%/main.tex .
[09:49:42.785][Event] ROOT_FILE_SEARCHED
[09:49:42.843][Cacher] Parsed LaTeX AST: %WS1%/pustaka/tanda-hubung.tex .
[09:49:42.845][Cacher] Updated elements in 1.69 ms: %WS1%/pustaka/tanda-hubung.tex .
[09:49:42.846][Event] FILE_PARSED: "%WS1%/pustaka/tanda-hubung.tex"
[09:49:42.877][Cacher] Parsed LaTeX AST: %WS1%/sampul/sampul-luar.tex .
[09:49:42.879][Cacher] Updated elements in 1.83 ms: %WS1%/sampul/sampul-luar.tex .
[09:49:42.880][Event] FILE_PARSED: "%WS1%/sampul/sampul-luar.tex"
[09:49:42.914][Cacher] Parsed LaTeX AST: %WS1%/lainnya/lembar-pengesahan.tex .
[09:49:42.916][Cacher] Updated elements in 1.18 ms: %WS1%/lainnya/lembar-pengesahan.tex .
[09:49:42.916][Event] FILE_PARSED: "%WS1%/lainnya/lembar-pengesahan.tex"
[09:49:42.938][Cacher] Parsed LaTeX AST: %WS1%/lainnya/abstrak.tex .
[09:49:42.939][Cacher] Updated elements in 0.81 ms: %WS1%/lainnya/abstrak.tex .
[09:49:42.940][Event] FILE_PARSED: "%WS1%/lainnya/abstrak.tex"
[09:49:43.051][Cacher] Parsed LaTeX AST: %WS1%/lainnya/abstrak-en.tex .
[09:49:43.053][Cacher] Updated elements in 1.45 ms: %WS1%/lainnya/abstrak-en.tex .
[09:49:43.054][Event] FILE_PARSED: "%WS1%/lainnya/abstrak-en.tex"
[09:49:43.217][Cacher] Parsed LaTeX AST: %WS1%/konten/1-pendahuluan.tex .
[09:49:43.226][Cacher] Updated elements in 8.14 ms: %WS1%/konten/1-pendahuluan.tex .
[09:49:43.227][Event] FILE_PARSED: "%WS1%/konten/1-pendahuluan.tex"
[09:49:43.233][Cacher] Parsed LaTeX AST: %WS1%/konten/2-tinjauan-pustaka.tex .
[09:49:43.247][Cacher] Updated elements in 13.61 ms: %WS1%/konten/2-tinjauan-pustaka.tex .
[09:49:43.248][Event] FILE_PARSED: "%WS1%/konten/2-tinjauan-pustaka.tex"
[09:49:43.249][Cacher] Parsed LaTeX AST: %WS1%/konten/3-metodologi.tex .
[09:49:43.249][Cacher] Updated elements in 0.46 ms: %WS1%/konten/3-metodologi.tex .
[09:49:43.250][Event] FILE_PARSED: "%WS1%/konten/3-metodologi.tex"
[09:49:43.272][Cacher] Parsed LaTeX AST: %WS1%/konten/4-lainnya.tex .
[09:49:43.273][Cacher] Updated elements in 0.40 ms: %WS1%/konten/4-lainnya.tex .
[09:49:43.274][Event] FILE_PARSED: "%WS1%/konten/4-lainnya.tex"
[09:49:43.336][Cacher] Parsed LaTeX AST: %WS1%/konten/5-jadwal-penelitian.tex .
[09:49:43.341][Cacher] Updated elements in 4.04 ms: %WS1%/konten/5-jadwal-penelitian.tex .
[09:49:43.342][Event] FILE_PARSED: "%WS1%/konten/5-jadwal-penelitian.tex"
[09:49:43.410][Cacher] Parsed LaTeX AST: %WS1%/main.tex .
[09:49:43.411][File] Calling kpsewhich to resolve book.cls .
[09:49:43.577][File] kpsewhich returned with '/usr/share/texlive/texmf-dist/tex/latex/base/book.cls'.
[09:49:43.583][Cacher] Bib %WS1%/pustaka/pustaka.bib from %WS1%/main.tex .
[09:49:43.584][Intelli][Citation] Parsing .bib entries from %WS1%/pustaka/pustaka.bib
[09:49:43.585][Intelli][Citation] Parse BibTeX AST from %WS1%/pustaka/pustaka.bib .
[09:49:43.586][Cacher][Watcher] Watched %WS1%/pustaka/pustaka.bib with a new .bib watcher on %WS1%/pustaka .
[09:49:43.586][Event] FILE_WATCHED: "%WS1%/pustaka/pustaka.bib"
[09:49:43.586][Cacher] Updated elements in 175.97 ms: %WS1%/main.tex .
[09:49:43.587][Event] FILE_PARSED: "%WS1%/main.tex"
[09:49:43.589][Cacher] Parsing .fls %WS1%/main.fls .
[09:49:43.607][Cacher] Adding %WS1%/sampul/konten-id.tex .
[09:49:43.607][Cacher][Watcher] Watched %WS1%/sampul/konten-id.tex by the .* watcher.
[09:49:43.607][Event] FILE_WATCHED: "%WS1%/sampul/konten-id.tex"
[09:49:43.607][Cacher] Found %WS1%/sampul/konten-id.tex from .fls %WS1%/main.fls , caching.
[09:49:43.608][Cacher] Caching %WS1%/sampul/konten-id.tex .
[09:49:43.609][Cacher] Updated inputs of %WS1%/sampul/konten-id.tex .
[09:49:43.609][Cacher] Parse LaTeX AST: %WS1%/sampul/konten-id.tex .
[09:49:43.611][Cacher] Adding %WS1%/sampul/gambar/sampul-luar-tipis.png .
[09:49:43.613][Cacher][Watcher] Watched %WS1%/sampul/gambar/sampul-luar-tipis.png with a new .* watcher on %WS1%/sampul/gambar .
[09:49:43.613][Event] FILE_WATCHED: "%WS1%/sampul/gambar/sampul-luar-tipis.png"
[09:49:43.626][Cacher] Adding %WS1%/gambar/blueprint.jpg .
[09:49:43.626][Cacher][Watcher] Watched %WS1%/gambar/blueprint.jpg with a new .* watcher on %WS1%/gambar .
[09:49:43.626][Event] FILE_WATCHED: "%WS1%/gambar/blueprint.jpg"
[09:49:43.628][Cacher] Found .aux %WS1%/main.tex from .fls %WS1%/main.fls , parsing.
[09:49:43.630][Cacher] Parsed .aux %WS1%/main.tex .
[09:49:43.630][Cacher] Parsed .fls %WS1%/main.fls .
[09:49:43.633][Structure] Structure force updated with 0 root sections for %WS1%/main.tex .
[09:49:43.634][Event] STRUCTURE_UPDATED
[09:49:43.636][Intelli][Citation] Parsed 11 bib entries from %WS1%/pustaka/pustaka.bib .
[09:49:43.636][Event] FILE_PARSED: "%WS1%/pustaka/pustaka.bib"
[09:49:43.642][Structure] Structure force updated with 10 root sections for %WS1%/main.tex .
[09:49:43.643][Event] STRUCTURE_UPDATED
[09:49:43.644][Cacher] Parsed LaTeX AST: %WS1%/sampul/konten-id.tex .
[09:49:43.645][Cacher] Updated elements in 0.48 ms: %WS1%/sampul/konten-id.tex .
[09:49:43.645][Event] FILE_PARSED: "%WS1%/sampul/konten-id.tex"
[09:49:43.648][Structure] Structure force updated with 10 root sections for %WS1%/main.tex .
[09:49:43.648][Event] STRUCTURE_UPDATED
[09:49:43.737][Viewer] Handle data type: open
[09:49:43.836][Server] Preview PDF file: file://%WS1%/main.pdf
[09:49:44.444][Viewer] Handle data type: loaded
[09:49:44.445][Event] VIEWER_PAGE_LOADED
[09:51:36.849][Root] Current workspace folders: ["file://%WS1%"]
[09:51:36.853][Root] Current workspaceRootDir: file://%WS1% .
[09:51:36.959][Root] Found files that might be root including the current root: %WS1%/main.tex .
[09:51:36.959][Root] Keep using the same root file: %WS1%/main.tex
[09:51:36.960][Event] ROOT_FILE_SEARCHED
[09:51:36.960][Event] STRUCTURE_UPDATED
[09:51:36.961][Event] STRUCTURE_UPDATED
[09:51:38.963][Cacher] Error loading cache: %WS1%/sampul/konten-en.tex . Forcing.
[09:51:38.966][Cacher] Caching %WS1%/sampul/konten-en.tex .
[09:51:38.967][Cacher] Updated inputs of %WS1%/sampul/konten-en.tex .
[09:51:38.968][Cacher] Parse LaTeX AST: %WS1%/sampul/konten-en.tex .
[09:51:38.991][Cacher] Parsed LaTeX AST: %WS1%/sampul/konten-en.tex .
[09:51:38.993][Cacher] Updated elements in 1.63 ms: %WS1%/sampul/konten-en.tex .
[09:51:38.994][Event] FILE_PARSED: "%WS1%/sampul/konten-en.tex"
[09:51:38.998][Structure] Structure force updated with 10 root sections for %WS1%/main.tex .
[09:51:38.998][Event] STRUCTURE_UPDATED
[09:52:00.460][Root] Current workspace folders: ["file://%WS1%"]
[09:52:00.462][Root] Keep using the same root file: %WS1%/main.tex
[09:52:00.462][Event] ROOT_FILE_SEARCHED
[09:52:00.463][Event] STRUCTURE_UPDATED
[09:52:00.463][Event] STRUCTURE_UPDATED
[09:52:48.332][Event] STRUCTURE_UPDATED
[09:53:04.809][Extension] onDidSaveTextDocument triggered: file://%WS1%/konten/1-pendahuluan.tex
[09:53:04.869][Cacher][Watcher] "change" emitted on %WS1%/konten/1-pendahuluan.tex.
[09:53:04.874][Cacher] Caching %WS1%/konten/1-pendahuluan.tex .
[09:53:04.875][Cacher] Updated inputs of %WS1%/konten/1-pendahuluan.tex .
[09:53:04.875][Cacher] Parse LaTeX AST: %WS1%/konten/1-pendahuluan.tex .
[09:53:04.876][Build] Auto build started detecting the change of a file: %WS1%/konten/1-pendahuluan.tex .
[09:53:04.876][Event] AUTO_BUILD_INITIATED: {"type":"onFileChange","file":"%WS1%/konten/1-pendahuluan.tex"}
[09:53:04.877][Build] The document of the active editor: file://%WS1%/konten/1-pendahuluan.tex
[09:53:04.877][Build] The languageId of the document: latex
[09:53:04.878][Build] Building root file: %WS1%/main.tex
[09:53:04.878][Build][Recipe] Build root file %WS1%/main.tex
[09:53:04.879][Event] FILE_CHANGED: "%WS1%/konten/1-pendahuluan.tex"
[09:53:04.884][Build][Recipe] Preparing to run recipe: latexmk.
[09:53:04.884][Build][Recipe] Prepared 1 tools.
[09:53:04.903][Build][Recipe] outDir: %WS1% .
[09:53:04.906][Build] Recipe step 1 The command is latexmk:["-synctex=1","-interaction=nonstopmode","-file-line-error","-pdf","-outdir=%WS1%","%WS1%/main"].
[09:53:04.906][Build] env: {}
[09:53:04.906][Build] root: %WS1%/main.tex
[09:53:04.907][Build] cwd: %WS1%
[09:53:04.921][Build] LaTeX build process spawned with PID 677.
[09:53:05.014][Cacher] Parsed LaTeX AST: %WS1%/konten/1-pendahuluan.tex .
[09:53:05.026][Cacher] Updated elements in 11.32 ms: %WS1%/konten/1-pendahuluan.tex .
[09:53:05.027][Event] FILE_PARSED: "%WS1%/konten/1-pendahuluan.tex"
[09:53:05.033][Structure] Structure force updated with 10 root sections for %WS1%/main.tex .
[09:53:05.033][Event] STRUCTURE_UPDATED
[09:53:06.876][Parser][TexLog] Logged 24 messages.
[09:53:06.879][Build] Recipe returns with error code 12/null on PID 677.
[09:53:06.879][Build] Does the executable exist? $PATH: /home/braceskabane/.vscode-server/bin/b380da4ef1ee00e224a15c1d4d9793e27c2b6302/bin/remote-cli:/usr/local/sbin:/usr/local/bin:/usr/sbin:/usr/bin:/sbin:/bin:/usr/games:/usr/local/games:/usr/lib/wsl/lib:/mnt/c/Program Files (x86)/Common Files/Oracle/Java/javapath:/mnt/c/Program Files/Tesseract-OCR:/mnt/c/WINDOWS/system32:/mnt/c/WINDOWS:/mnt/c/WINDOWS/System32/Wbem:/mnt/c/WINDOWS/System32/WindowsPowerShell/v1.0/:/mnt/c/WINDOWS/System32/OpenSSH/:/mnt/c/Program Files/Git/bin:/mnt/c/Program Files/nodejs:/mnt/c/Program Files/gradle-8.5/bin:/mnt/c/Program Files/zulu-17/bin:/mnt/c/Program Files/Docker/Docker/resources/bin:/mnt/c/Program Files/dotnet/:/mnt/c/Program Files/MiKTeX/miktex/bin/x64/:/mnt/c/Strawberry/c/bin:/mnt/c/Strawberry/perl/site/bin:/mnt/c/Strawberry/perl/bin:/mnt/c/Users/ACER/AppData/Local/Programs/Python/Python311/Scripts/:/mnt/c/Users/ACER/AppData/Local/Programs/Python/Python311/:/mnt/c/Users/ACER/AppData/Local/Microsoft/WindowsApps:/mnt/c/Users/ACER/AppData/Local/Programs/Microsoft VS Code/bin:/mnt/c/Users/ACER/AppData/Local/Programs/MiKTeX/miktex/bin/x64/:/mnt/c/Users/ACER/AppData/Roaming/npm:/mnt/c/Users/ACER/AppData/Local/GitHubDesktop/bin:/mnt/c/Program Files/zulu-17/bin:/mnt/c/Program Files/JetBrains/IntelliJ IDEA Community Edition 2023.3.2/bin:/mnt/c/Program Files/MiKTeX/miktex/bin/x64/:/snap/bin, $Path: undefined, $SHELL: /bin/bash
[09:53:06.879][Build] Latexmk: Sometimes, the -f option can be used to get latexmk
  to try to force complete processing.
  But normally, you will need to correct the file(s) that caused the
  error, and then rerun latexmk.
  In some cases, it is best to clean out generated files before rerunning
  latexmk after you've corrected the files.

[09:53:06.880][Build] Cleaning auxiliary files and retrying build after toolchain error.
[09:53:06.881][Cleaner] Clean temporary files command The command is latexmk:["-outdir=%WS1%","-c","%WS1%/main.tex"].
[09:53:06.889][Build] Recipe step 1 The command is latexmk:["-synctex=1","-interaction=nonstopmode","-file-line-error","-pdf","-outdir=%WS1%","%WS1%/main"].
[09:53:06.890][Build] env: {}
[09:53:06.890][Build] root: %WS1%/main.tex
[09:53:06.891][Build] cwd: %WS1%
[09:53:06.902][Build] LaTeX build process spawned with PID 682.
[09:53:07.005][Event] AUTO_CLEANED
[09:53:07.459][Commander] BUILD command invoked.
[09:53:07.460][Build] The document of the active editor: file://%WS1%/konten/1-pendahuluan.tex
[09:53:07.460][Build] The languageId of the document: latex
[09:53:07.460][Root] Current workspace folders: ["file://%WS1%"]
[09:53:07.461][Root] Keep using the same root file: %WS1%/main.tex
[09:53:07.461][Event] ROOT_FILE_SEARCHED
[09:53:07.462][Event] STRUCTURE_UPDATED
[09:53:07.462][Build] Building root file: %WS1%/main.tex
[09:53:07.463][Build][Recipe] Build root file %WS1%/main.tex
[09:53:07.466][Build][Recipe] Preparing to run recipe: latexmk.
[09:53:07.466][Build][Recipe] Prepared 1 tools.
[09:53:07.468][Build][Recipe] outDir: %WS1% .
[09:53:08.714][Parser][TexLog] Logged 29 messages.
[09:53:08.715][Build] Recipe returns with error code 12/null on PID 682.
[09:53:08.716][Build] Does the executable exist? $PATH: /home/braceskabane/.vscode-server/bin/b380da4ef1ee00e224a15c1d4d9793e27c2b6302/bin/remote-cli:/usr/local/sbin:/usr/local/bin:/usr/sbin:/usr/bin:/sbin:/bin:/usr/games:/usr/local/games:/usr/lib/wsl/lib:/mnt/c/Program Files (x86)/Common Files/Oracle/Java/javapath:/mnt/c/Program Files/Tesseract-OCR:/mnt/c/WINDOWS/system32:/mnt/c/WINDOWS:/mnt/c/WINDOWS/System32/Wbem:/mnt/c/WINDOWS/System32/WindowsPowerShell/v1.0/:/mnt/c/WINDOWS/System32/OpenSSH/:/mnt/c/Program Files/Git/bin:/mnt/c/Program Files/nodejs:/mnt/c/Program Files/gradle-8.5/bin:/mnt/c/Program Files/zulu-17/bin:/mnt/c/Program Files/Docker/Docker/resources/bin:/mnt/c/Program Files/dotnet/:/mnt/c/Program Files/MiKTeX/miktex/bin/x64/:/mnt/c/Strawberry/c/bin:/mnt/c/Strawberry/perl/site/bin:/mnt/c/Strawberry/perl/bin:/mnt/c/Users/ACER/AppData/Local/Programs/Python/Python311/Scripts/:/mnt/c/Users/ACER/AppData/Local/Programs/Python/Python311/:/mnt/c/Users/ACER/AppData/Local/Microsoft/WindowsApps:/mnt/c/Users/ACER/AppData/Local/Programs/Microsoft VS Code/bin:/mnt/c/Users/ACER/AppData/Local/Programs/MiKTeX/miktex/bin/x64/:/mnt/c/Users/ACER/AppData/Roaming/npm:/mnt/c/Users/ACER/AppData/Local/GitHubDesktop/bin:/mnt/c/Program Files/zulu-17/bin:/mnt/c/Program Files/JetBrains/IntelliJ IDEA Community Edition 2023.3.2/bin:/mnt/c/Program Files/MiKTeX/miktex/bin/x64/:/snap/bin, $Path: undefined, $SHELL: /bin/bash
[09:53:08.716][Build] Latexmk: Missing input file 'main.toc' (or dependence on it) from following:
  No file main.toc.
Latexmk: Missing input file 'main.lof' (or dependence on it) from following:
  No file main.lof.
Latexmk: Missing input file 'main.lot' (or dependence on it) from following:
  No file main.lot.
Latexmk: ====Undefined refs and citations with line #s in .tex file:
  Reference `eq:FirstLaw' on page 5 undefined on input line 14
  Reference `fig:Blueprint' on page 7 undefined on input line 20
  Reference `tbl:timeline' on page 11 undefined on input line 36
Latexmk: Sometimes, the -f option can be used to get latexmk
  to try to force complete processing.
  But normally, you will need to correct the file(s) that caused the
  error, and then rerun latexmk.
  In some cases, it is best to clean out generated files before rerunning
  latexmk after you've corrected the files.

[09:53:14.409][Extension] onDidSaveTextDocument triggered: file://%WS1%/konten/1-pendahuluan.tex
[09:53:14.477][Cacher][Watcher] "change" emitted on %WS1%/konten/1-pendahuluan.tex.
[09:53:14.478][Cacher] Caching %WS1%/konten/1-pendahuluan.tex .
[09:53:14.478][Cacher] Updated inputs of %WS1%/konten/1-pendahuluan.tex .
[09:53:14.479][Cacher] Parse LaTeX AST: %WS1%/konten/1-pendahuluan.tex .
[09:53:14.479][Build] Auto build started detecting the change of a file: %WS1%/konten/1-pendahuluan.tex .
[09:53:14.479][Event] AUTO_BUILD_INITIATED: {"type":"onFileChange","file":"%WS1%/konten/1-pendahuluan.tex"}
[09:53:14.480][Build] The document of the active editor: file://%WS1%/konten/1-pendahuluan.tex
[09:53:14.480][Build] The languageId of the document: latex
[09:53:14.480][Build] Building root file: %WS1%/main.tex
[09:53:14.480][Build][Recipe] Build root file %WS1%/main.tex
[09:53:14.481][Event] FILE_CHANGED: "%WS1%/konten/1-pendahuluan.tex"
[09:53:14.486][Build][Recipe] Preparing to run recipe: latexmk.
[09:53:14.487][Build][Recipe] Prepared 1 tools.
[09:53:14.489][Build][Recipe] outDir: %WS1% .
[09:53:14.490][Build] Recipe step 1 The command is latexmk:["-synctex=1","-interaction=nonstopmode","-file-line-error","-pdf","-outdir=%WS1%","%WS1%/main"].
[09:53:14.490][Build] env: {}
[09:53:14.490][Build] root: %WS1%/main.tex
[09:53:14.491][Build] cwd: %WS1%
[09:53:14.496][Build] LaTeX build process spawned with PID 689.
[09:53:14.594][Cacher] Parsed LaTeX AST: %WS1%/konten/1-pendahuluan.tex .
[09:53:14.602][Cacher] Updated elements in 7.64 ms: %WS1%/konten/1-pendahuluan.tex .
[09:53:14.603][Event] FILE_PARSED: "%WS1%/konten/1-pendahuluan.tex"
[09:53:14.604][Structure] Structure force updated with 10 root sections for %WS1%/main.tex .
[09:53:14.604][Event] STRUCTURE_UPDATED
[09:53:15.786][Commander] BUILD command invoked.
[09:53:15.786][Build] The document of the active editor: file://%WS1%/konten/1-pendahuluan.tex
[09:53:15.786][Build] The languageId of the document: latex
[09:53:15.787][Root] Current workspace folders: ["file://%WS1%"]
[09:53:15.787][Root] Keep using the same root file: %WS1%/main.tex
[09:53:15.787][Event] ROOT_FILE_SEARCHED
[09:53:15.788][Event] STRUCTURE_UPDATED
[09:53:15.788][Build] Building root file: %WS1%/main.tex
[09:53:15.788][Build][Recipe] Build root file %WS1%/main.tex
[09:53:15.794][Build][Recipe] Preparing to run recipe: latexmk.
[09:53:15.795][Build][Recipe] Prepared 1 tools.
[09:53:15.796][Build][Recipe] outDir: %WS1% .
[09:53:18.613][Cacher][Watcher] "change" emitted on %WS1%/main.pdf after polling for 12351 ms.
[09:53:18.614][Event] FILE_CHANGED: "%WS1%/main.pdf"
[09:53:19.082][Parser][BiberLog] Found BibTeX file %WS1%/pustaka/pustaka.bib
[09:53:19.083][Parser][BiberLog] Logged 0 messages.
[09:53:19.086][Parser][TexLog] Logged 12 messages.
[09:53:19.087][Build] Finished a step in recipe with PID 689.
[09:53:19.088][Build] Successfully built %WS1%/main.tex .
[09:53:19.088][Event] BUILD_DONE
[09:53:19.088][Viewer] Call refreshExistingViewer: "%WS1%/main.pdf" .
[09:53:19.088][Viewer] Refresh PDF viewer: %WS1%/main.pdf
[09:53:19.090][Cacher] Parsing .fls %WS1%/main.fls .
[09:53:19.122][Cacher] Found .aux %WS1%/main.tex from .fls %WS1%/main.fls , parsing.
[09:53:19.122][Cacher] Parsed .aux %WS1%/main.tex .
[09:53:19.123][Cacher] Parsed .fls %WS1%/main.fls .
[09:53:19.123][Build] Recipe step 1 The command is latexmk:["-synctex=1","-interaction=nonstopmode","-file-line-error","-pdf","-outdir=%WS1%","%WS1%/main"].
[09:53:19.123][Build] env: {}
[09:53:19.123][Build] root: %WS1%/main.tex
[09:53:19.124][Build] cwd: %WS1%
[09:53:19.131][Build] LaTeX build process spawned with PID 699.
[09:53:19.189][Server] Preview PDF file: file://%WS1%/main.pdf
[09:53:19.257][Build] Finished a step in recipe with PID 699.
[09:53:19.258][Build] Successfully built %WS1%/main.tex .
[09:53:19.258][Event] BUILD_DONE
[09:53:19.258][Viewer] Call refreshExistingViewer: "%WS1%/main.pdf" .
[09:53:19.259][Viewer] Refresh PDF viewer: %WS1%/main.pdf
[09:53:19.260][Cacher] Parsing .fls %WS1%/main.fls .
[09:53:19.288][Cacher] Found .aux %WS1%/main.tex from .fls %WS1%/main.fls , parsing.
[09:53:19.289][Cacher] Parsed .aux %WS1%/main.tex .
[09:53:19.290][Cacher] Parsed .fls %WS1%/main.fls .
[09:53:19.291][Cacher][Watcher] "change" emitted on %WS1%/main.pdf after polling for 270 ms.
[09:53:19.292][Event] FILE_CHANGED: "%WS1%/main.pdf"
[09:53:19.400][Server] Preview PDF file: file://%WS1%/main.pdf
[09:53:19.619][Viewer] Handle data type: loaded
[09:53:19.620][Event] VIEWER_PAGE_LOADED
[09:53:19.620][Viewer] Handle data type: loaded
[09:53:19.621][Event] VIEWER_PAGE_LOADED
[09:53:28.613][Extension] onDidSaveTextDocument triggered: file://%WS1%/konten/1-pendahuluan.tex
[09:53:28.673][Cacher][Watcher] "change" emitted on %WS1%/konten/1-pendahuluan.tex.
[09:53:28.676][Cacher] Caching %WS1%/konten/1-pendahuluan.tex .
[09:53:28.677][Cacher] Updated inputs of %WS1%/konten/1-pendahuluan.tex .
[09:53:28.677][Cacher] Parse LaTeX AST: %WS1%/konten/1-pendahuluan.tex .
[09:53:28.678][Build] Auto build started detecting the change of a file: %WS1%/konten/1-pendahuluan.tex .
[09:53:28.678][Event] AUTO_BUILD_INITIATED: {"type":"onFileChange","file":"%WS1%/konten/1-pendahuluan.tex"}
[09:53:28.679][Build] The document of the active editor: file://%WS1%/konten/1-pendahuluan.tex
[09:53:28.679][Build] The languageId of the document: latex
[09:53:28.679][Build] Building root file: %WS1%/main.tex
[09:53:28.680][Build][Recipe] Build root file %WS1%/main.tex
[09:53:28.680][Event] FILE_CHANGED: "%WS1%/konten/1-pendahuluan.tex"
[09:53:28.686][Build][Recipe] Preparing to run recipe: latexmk.
[09:53:28.686][Build][Recipe] Prepared 1 tools.
[09:53:28.688][Build][Recipe] outDir: %WS1% .
[09:53:28.689][Build] Recipe step 1 The command is latexmk:["-synctex=1","-interaction=nonstopmode","-file-line-error","-pdf","-outdir=%WS1%","%WS1%/main"].
[09:53:28.690][Build] env: {}
[09:53:28.690][Build] root: %WS1%/main.tex
[09:53:28.691][Build] cwd: %WS1%
[09:53:28.697][Build] LaTeX build process spawned with PID 706.
[09:53:28.806][Cacher] Parsed LaTeX AST: %WS1%/konten/1-pendahuluan.tex .
[09:53:28.810][Cacher] Updated elements in 4.07 ms: %WS1%/konten/1-pendahuluan.tex .
[09:53:28.811][Event] FILE_PARSED: "%WS1%/konten/1-pendahuluan.tex"
[09:53:28.812][Structure] Structure force updated with 10 root sections for %WS1%/main.tex .
[09:53:28.813][Event] STRUCTURE_UPDATED
[09:53:30.001][Commander] BUILD command invoked.
[09:53:30.002][Build] The document of the active editor: file://%WS1%/konten/1-pendahuluan.tex
[09:53:30.002][Build] The languageId of the document: latex
[09:53:30.002][Root] Current workspace folders: ["file://%WS1%"]
[09:53:30.003][Root] Keep using the same root file: %WS1%/main.tex
[09:53:30.003][Event] ROOT_FILE_SEARCHED
[09:53:30.003][Event] STRUCTURE_UPDATED
[09:53:30.004][Build] Building root file: %WS1%/main.tex
[09:53:30.004][Build][Recipe] Build root file %WS1%/main.tex
[09:53:30.007][Build][Recipe] Preparing to run recipe: latexmk.
[09:53:30.008][Build][Recipe] Prepared 1 tools.
[09:53:30.010][Build][Recipe] outDir: %WS1% .
[09:53:30.447][Parser][TexLog] Logged 24 messages.
[09:53:30.449][Build] Recipe returns with error code 12/null on PID 706.
[09:53:30.450][Build] Does the executable exist? $PATH: /home/braceskabane/.vscode-server/bin/b380da4ef1ee00e224a15c1d4d9793e27c2b6302/bin/remote-cli:/usr/local/sbin:/usr/local/bin:/usr/sbin:/usr/bin:/sbin:/bin:/usr/games:/usr/local/games:/usr/lib/wsl/lib:/mnt/c/Program Files (x86)/Common Files/Oracle/Java/javapath:/mnt/c/Program Files/Tesseract-OCR:/mnt/c/WINDOWS/system32:/mnt/c/WINDOWS:/mnt/c/WINDOWS/System32/Wbem:/mnt/c/WINDOWS/System32/WindowsPowerShell/v1.0/:/mnt/c/WINDOWS/System32/OpenSSH/:/mnt/c/Program Files/Git/bin:/mnt/c/Program Files/nodejs:/mnt/c/Program Files/gradle-8.5/bin:/mnt/c/Program Files/zulu-17/bin:/mnt/c/Program Files/Docker/Docker/resources/bin:/mnt/c/Program Files/dotnet/:/mnt/c/Program Files/MiKTeX/miktex/bin/x64/:/mnt/c/Strawberry/c/bin:/mnt/c/Strawberry/perl/site/bin:/mnt/c/Strawberry/perl/bin:/mnt/c/Users/ACER/AppData/Local/Programs/Python/Python311/Scripts/:/mnt/c/Users/ACER/AppData/Local/Programs/Python/Python311/:/mnt/c/Users/ACER/AppData/Local/Microsoft/WindowsApps:/mnt/c/Users/ACER/AppData/Local/Programs/Microsoft VS Code/bin:/mnt/c/Users/ACER/AppData/Local/Programs/MiKTeX/miktex/bin/x64/:/mnt/c/Users/ACER/AppData/Roaming/npm:/mnt/c/Users/ACER/AppData/Local/GitHubDesktop/bin:/mnt/c/Program Files/zulu-17/bin:/mnt/c/Program Files/JetBrains/IntelliJ IDEA Community Edition 2023.3.2/bin:/mnt/c/Program Files/MiKTeX/miktex/bin/x64/:/snap/bin, $Path: undefined, $SHELL: /bin/bash
[09:53:30.450][Build] Latexmk: Sometimes, the -f option can be used to get latexmk
  to try to force complete processing.
  But normally, you will need to correct the file(s) that caused the
  error, and then rerun latexmk.
  In some cases, it is best to clean out generated files before rerunning
  latexmk after you've corrected the files.

[09:53:30.450][Build] Cleaning auxiliary files and retrying build after toolchain error.
[09:53:30.451][Cleaner] Clean temporary files command The command is latexmk:["-outdir=%WS1%","-c","%WS1%/main.tex"].
[09:53:30.458][Build] Recipe step 1 The command is latexmk:["-synctex=1","-interaction=nonstopmode","-file-line-error","-pdf","-outdir=%WS1%","%WS1%/main"].
[09:53:30.459][Build] env: {}
[09:53:30.459][Build] root: %WS1%/main.tex
[09:53:30.459][Build] cwd: %WS1%
[09:53:30.464][Build] LaTeX build process spawned with PID 711.
[09:53:30.562][Event] AUTO_CLEANED
[09:53:32.347][Parser][TexLog] Logged 29 messages.
[09:53:32.348][Build] Recipe returns with error code 12/null on PID 711.
[09:53:32.348][Build] Does the executable exist? $PATH: /home/braceskabane/.vscode-server/bin/b380da4ef1ee00e224a15c1d4d9793e27c2b6302/bin/remote-cli:/usr/local/sbin:/usr/local/bin:/usr/sbin:/usr/bin:/sbin:/bin:/usr/games:/usr/local/games:/usr/lib/wsl/lib:/mnt/c/Program Files (x86)/Common Files/Oracle/Java/javapath:/mnt/c/Program Files/Tesseract-OCR:/mnt/c/WINDOWS/system32:/mnt/c/WINDOWS:/mnt/c/WINDOWS/System32/Wbem:/mnt/c/WINDOWS/System32/WindowsPowerShell/v1.0/:/mnt/c/WINDOWS/System32/OpenSSH/:/mnt/c/Program Files/Git/bin:/mnt/c/Program Files/nodejs:/mnt/c/Program Files/gradle-8.5/bin:/mnt/c/Program Files/zulu-17/bin:/mnt/c/Program Files/Docker/Docker/resources/bin:/mnt/c/Program Files/dotnet/:/mnt/c/Program Files/MiKTeX/miktex/bin/x64/:/mnt/c/Strawberry/c/bin:/mnt/c/Strawberry/perl/site/bin:/mnt/c/Strawberry/perl/bin:/mnt/c/Users/ACER/AppData/Local/Programs/Python/Python311/Scripts/:/mnt/c/Users/ACER/AppData/Local/Programs/Python/Python311/:/mnt/c/Users/ACER/AppData/Local/Microsoft/WindowsApps:/mnt/c/Users/ACER/AppData/Local/Programs/Microsoft VS Code/bin:/mnt/c/Users/ACER/AppData/Local/Programs/MiKTeX/miktex/bin/x64/:/mnt/c/Users/ACER/AppData/Roaming/npm:/mnt/c/Users/ACER/AppData/Local/GitHubDesktop/bin:/mnt/c/Program Files/zulu-17/bin:/mnt/c/Program Files/JetBrains/IntelliJ IDEA Community Edition 2023.3.2/bin:/mnt/c/Program Files/MiKTeX/miktex/bin/x64/:/snap/bin, $Path: undefined, $SHELL: /bin/bash
[09:53:32.349][Build] Latexmk: Missing input file 'main.toc' (or dependence on it) from following:
  No file main.toc.
Latexmk: Missing input file 'main.lof' (or dependence on it) from following:
  No file main.lof.
Latexmk: Missing input file 'main.lot' (or dependence on it) from following:
  No file main.lot.
Latexmk: ====Undefined refs and citations with line #s in .tex file:
  Reference `eq:FirstLaw' on page 5 undefined on input line 14
  Reference `fig:Blueprint' on page 7 undefined on input line 20
  Reference `tbl:timeline' on page 11 undefined on input line 36
Latexmk: Sometimes, the -f option can be used to get latexmk
  to try to force complete processing.
  But normally, you will need to correct the file(s) that caused the
  error, and then rerun latexmk.
  In some cases, it is best to clean out generated files before rerunning
  latexmk after you've corrected the files.

[09:54:10.523][Commander] ACTIONS command invoked.
[09:54:12.076][Commander] ACTIONS command invoked.
[09:56:48.189][Extension] onDidSaveTextDocument triggered: file://%WS1%/konten/1-pendahuluan.tex
[09:56:48.252][Cacher][Watcher] "change" emitted on %WS1%/konten/1-pendahuluan.tex.
[09:56:48.256][Cacher] Caching %WS1%/konten/1-pendahuluan.tex .
[09:56:48.257][Cacher] Updated inputs of %WS1%/konten/1-pendahuluan.tex .
[09:56:48.258][Cacher] Parse LaTeX AST: %WS1%/konten/1-pendahuluan.tex .
[09:56:48.258][Build] Auto build started detecting the change of a file: %WS1%/konten/1-pendahuluan.tex .
[09:56:48.259][Event] AUTO_BUILD_INITIATED: {"type":"onFileChange","file":"%WS1%/konten/1-pendahuluan.tex"}
[09:56:48.259][Build] The document of the active editor: file://%WS1%/konten/1-pendahuluan.tex
[09:56:48.260][Build] The languageId of the document: latex
[09:56:48.260][Build] Building root file: %WS1%/main.tex
[09:56:48.261][Build][Recipe] Build root file %WS1%/main.tex
[09:56:48.261][Event] FILE_CHANGED: "%WS1%/konten/1-pendahuluan.tex"
[09:56:48.270][Build][Recipe] Preparing to run recipe: latexmk.
[09:56:48.270][Build][Recipe] Prepared 1 tools.
[09:56:48.273][Build][Recipe] outDir: %WS1% .
[09:56:48.275][Build] Recipe step 1 The command is latexmk:["-synctex=1","-interaction=nonstopmode","-file-line-error","-pdf","-outdir=%WS1%","%WS1%/main"].
[09:56:48.276][Build] env: {}
[09:56:48.276][Build] root: %WS1%/main.tex
[09:56:48.277][Build] cwd: %WS1%
[09:56:48.289][Build] LaTeX build process spawned with PID 770.
[09:56:48.415][Cacher] Parsed LaTeX AST: %WS1%/konten/1-pendahuluan.tex .
[09:56:48.422][Cacher] Updated elements in 6.34 ms: %WS1%/konten/1-pendahuluan.tex .
[09:56:48.422][Event] FILE_PARSED: "%WS1%/konten/1-pendahuluan.tex"
[09:56:48.424][Structure] Structure force updated with 10 root sections for %WS1%/main.tex .
[09:56:48.424][Event] STRUCTURE_UPDATED
[09:56:50.036][Parser][TexLog] Logged 24 messages.
[09:56:50.037][Build] Recipe returns with error code 12/null on PID 770.
[09:56:50.037][Build] Does the executable exist? $PATH: /home/braceskabane/.vscode-server/bin/b380da4ef1ee00e224a15c1d4d9793e27c2b6302/bin/remote-cli:/usr/local/sbin:/usr/local/bin:/usr/sbin:/usr/bin:/sbin:/bin:/usr/games:/usr/local/games:/usr/lib/wsl/lib:/mnt/c/Program Files (x86)/Common Files/Oracle/Java/javapath:/mnt/c/Program Files/Tesseract-OCR:/mnt/c/WINDOWS/system32:/mnt/c/WINDOWS:/mnt/c/WINDOWS/System32/Wbem:/mnt/c/WINDOWS/System32/WindowsPowerShell/v1.0/:/mnt/c/WINDOWS/System32/OpenSSH/:/mnt/c/Program Files/Git/bin:/mnt/c/Program Files/nodejs:/mnt/c/Program Files/gradle-8.5/bin:/mnt/c/Program Files/zulu-17/bin:/mnt/c/Program Files/Docker/Docker/resources/bin:/mnt/c/Program Files/dotnet/:/mnt/c/Program Files/MiKTeX/miktex/bin/x64/:/mnt/c/Strawberry/c/bin:/mnt/c/Strawberry/perl/site/bin:/mnt/c/Strawberry/perl/bin:/mnt/c/Users/ACER/AppData/Local/Programs/Python/Python311/Scripts/:/mnt/c/Users/ACER/AppData/Local/Programs/Python/Python311/:/mnt/c/Users/ACER/AppData/Local/Microsoft/WindowsApps:/mnt/c/Users/ACER/AppData/Local/Programs/Microsoft VS Code/bin:/mnt/c/Users/ACER/AppData/Local/Programs/MiKTeX/miktex/bin/x64/:/mnt/c/Users/ACER/AppData/Roaming/npm:/mnt/c/Users/ACER/AppData/Local/GitHubDesktop/bin:/mnt/c/Program Files/zulu-17/bin:/mnt/c/Program Files/JetBrains/IntelliJ IDEA Community Edition 2023.3.2/bin:/mnt/c/Program Files/MiKTeX/miktex/bin/x64/:/snap/bin, $Path: undefined, $SHELL: /bin/bash
[09:56:50.038][Build] Latexmk: Sometimes, the -f option can be used to get latexmk
  to try to force complete processing.
  But normally, you will need to correct the file(s) that caused the
  error, and then rerun latexmk.
  In some cases, it is best to clean out generated files before rerunning
  latexmk after you've corrected the files.

[09:56:50.038][Build] Cleaning auxiliary files and retrying build after toolchain error.
[09:56:50.039][Cleaner] Clean temporary files command The command is latexmk:["-outdir=%WS1%","-c","%WS1%/main.tex"].
[09:56:50.047][Build] Recipe step 1 The command is latexmk:["-synctex=1","-interaction=nonstopmode","-file-line-error","-pdf","-outdir=%WS1%","%WS1%/main"].
[09:56:50.048][Build] env: {}
[09:56:50.048][Build] root: %WS1%/main.tex
[09:56:50.048][Build] cwd: %WS1%
[09:56:50.054][Build] LaTeX build process spawned with PID 775.
[09:56:50.145][Event] AUTO_CLEANED
[09:56:51.842][Parser][TexLog] Logged 29 messages.
[09:56:51.844][Build] Recipe returns with error code 12/null on PID 775.
[09:56:51.845][Build] Does the executable exist? $PATH: /home/braceskabane/.vscode-server/bin/b380da4ef1ee00e224a15c1d4d9793e27c2b6302/bin/remote-cli:/usr/local/sbin:/usr/local/bin:/usr/sbin:/usr/bin:/sbin:/bin:/usr/games:/usr/local/games:/usr/lib/wsl/lib:/mnt/c/Program Files (x86)/Common Files/Oracle/Java/javapath:/mnt/c/Program Files/Tesseract-OCR:/mnt/c/WINDOWS/system32:/mnt/c/WINDOWS:/mnt/c/WINDOWS/System32/Wbem:/mnt/c/WINDOWS/System32/WindowsPowerShell/v1.0/:/mnt/c/WINDOWS/System32/OpenSSH/:/mnt/c/Program Files/Git/bin:/mnt/c/Program Files/nodejs:/mnt/c/Program Files/gradle-8.5/bin:/mnt/c/Program Files/zulu-17/bin:/mnt/c/Program Files/Docker/Docker/resources/bin:/mnt/c/Program Files/dotnet/:/mnt/c/Program Files/MiKTeX/miktex/bin/x64/:/mnt/c/Strawberry/c/bin:/mnt/c/Strawberry/perl/site/bin:/mnt/c/Strawberry/perl/bin:/mnt/c/Users/ACER/AppData/Local/Programs/Python/Python311/Scripts/:/mnt/c/Users/ACER/AppData/Local/Programs/Python/Python311/:/mnt/c/Users/ACER/AppData/Local/Microsoft/WindowsApps:/mnt/c/Users/ACER/AppData/Local/Programs/Microsoft VS Code/bin:/mnt/c/Users/ACER/AppData/Local/Programs/MiKTeX/miktex/bin/x64/:/mnt/c/Users/ACER/AppData/Roaming/npm:/mnt/c/Users/ACER/AppData/Local/GitHubDesktop/bin:/mnt/c/Program Files/zulu-17/bin:/mnt/c/Program Files/JetBrains/IntelliJ IDEA Community Edition 2023.3.2/bin:/mnt/c/Program Files/MiKTeX/miktex/bin/x64/:/snap/bin, $Path: undefined, $SHELL: /bin/bash
[09:56:51.845][Build] Latexmk: Missing input file 'main.toc' (or dependence on it) from following:
  No file main.toc.
Latexmk: Missing input file 'main.lof' (or dependence on it) from following:
  No file main.lof.
Latexmk: Missing input file 'main.lot' (or dependence on it) from following:
  No file main.lot.
Latexmk: ====Undefined refs and citations with line #s in .tex file:
  Reference `eq:FirstLaw' on page 5 undefined on input line 14
  Reference `fig:Blueprint' on page 7 undefined on input line 20
  Reference `tbl:timeline' on page 11 undefined on input line 36
Latexmk: Sometimes, the -f option can be used to get latexmk
  to try to force complete processing.
  But normally, you will need to correct the file(s) that caused the
  error, and then rerun latexmk.
  In some cases, it is best to clean out generated files before rerunning
  latexmk after you've corrected the files.

[09:56:57.086][Extension] onDidSaveTextDocument triggered: file://%WS1%/konten/1-pendahuluan.tex
[09:56:57.148][Cacher][Watcher] "change" emitted on %WS1%/konten/1-pendahuluan.tex.
[09:56:57.151][Cacher] Caching %WS1%/konten/1-pendahuluan.tex .
[09:56:57.152][Cacher] Updated inputs of %WS1%/konten/1-pendahuluan.tex .
[09:56:57.152][Cacher] Parse LaTeX AST: %WS1%/konten/1-pendahuluan.tex .
[09:56:57.153][Build] Auto build started detecting the change of a file: %WS1%/konten/1-pendahuluan.tex .
[09:56:57.153][Event] AUTO_BUILD_INITIATED: {"type":"onFileChange","file":"%WS1%/konten/1-pendahuluan.tex"}
[09:56:57.153][Build] The document of the active editor: file://%WS1%/konten/1-pendahuluan.tex
[09:56:57.154][Build] The languageId of the document: latex
[09:56:57.154][Build] Building root file: %WS1%/main.tex
[09:56:57.154][Build][Recipe] Build root file %WS1%/main.tex
[09:56:57.154][Event] FILE_CHANGED: "%WS1%/konten/1-pendahuluan.tex"
[09:56:57.159][Build][Recipe] Preparing to run recipe: latexmk.
[09:56:57.159][Build][Recipe] Prepared 1 tools.
[09:56:57.160][Build][Recipe] outDir: %WS1% .
[09:56:57.161][Build] Recipe step 1 The command is latexmk:["-synctex=1","-interaction=nonstopmode","-file-line-error","-pdf","-outdir=%WS1%","%WS1%/main"].
[09:56:57.161][Build] env: {}
[09:56:57.162][Build] root: %WS1%/main.tex
[09:56:57.162][Build] cwd: %WS1%
[09:56:57.168][Build] LaTeX build process spawned with PID 782.
[09:56:57.286][Cacher] Parsed LaTeX AST: %WS1%/konten/1-pendahuluan.tex .
[09:56:57.295][Cacher] Updated elements in 8.63 ms: %WS1%/konten/1-pendahuluan.tex .
[09:56:57.295][Event] FILE_PARSED: "%WS1%/konten/1-pendahuluan.tex"
[09:56:57.296][Structure] Structure force updated with 10 root sections for %WS1%/main.tex .
[09:56:57.297][Event] STRUCTURE_UPDATED
[09:56:58.455][Cacher][Watcher] "change" emitted on %WS1%/main.pdf after polling for 208559 ms.
[09:56:58.456][Event] FILE_CHANGED: "%WS1%/main.pdf"
[09:56:58.946][Parser][TexLog] Logged 34 messages.
[09:56:58.948][Build] Recipe returns with error code 12/null on PID 782.
[09:56:58.949][Build] Does the executable exist? $PATH: /home/braceskabane/.vscode-server/bin/b380da4ef1ee00e224a15c1d4d9793e27c2b6302/bin/remote-cli:/usr/local/sbin:/usr/local/bin:/usr/sbin:/usr/bin:/sbin:/bin:/usr/games:/usr/local/games:/usr/lib/wsl/lib:/mnt/c/Program Files (x86)/Common Files/Oracle/Java/javapath:/mnt/c/Program Files/Tesseract-OCR:/mnt/c/WINDOWS/system32:/mnt/c/WINDOWS:/mnt/c/WINDOWS/System32/Wbem:/mnt/c/WINDOWS/System32/WindowsPowerShell/v1.0/:/mnt/c/WINDOWS/System32/OpenSSH/:/mnt/c/Program Files/Git/bin:/mnt/c/Program Files/nodejs:/mnt/c/Program Files/gradle-8.5/bin:/mnt/c/Program Files/zulu-17/bin:/mnt/c/Program Files/Docker/Docker/resources/bin:/mnt/c/Program Files/dotnet/:/mnt/c/Program Files/MiKTeX/miktex/bin/x64/:/mnt/c/Strawberry/c/bin:/mnt/c/Strawberry/perl/site/bin:/mnt/c/Strawberry/perl/bin:/mnt/c/Users/ACER/AppData/Local/Programs/Python/Python311/Scripts/:/mnt/c/Users/ACER/AppData/Local/Programs/Python/Python311/:/mnt/c/Users/ACER/AppData/Local/Microsoft/WindowsApps:/mnt/c/Users/ACER/AppData/Local/Programs/Microsoft VS Code/bin:/mnt/c/Users/ACER/AppData/Local/Programs/MiKTeX/miktex/bin/x64/:/mnt/c/Users/ACER/AppData/Roaming/npm:/mnt/c/Users/ACER/AppData/Local/GitHubDesktop/bin:/mnt/c/Program Files/zulu-17/bin:/mnt/c/Program Files/JetBrains/IntelliJ IDEA Community Edition 2023.3.2/bin:/mnt/c/Program Files/MiKTeX/miktex/bin/x64/:/snap/bin, $Path: undefined, $SHELL: /bin/bash
[09:56:58.949][Build] Latexmk: Sometimes, the -f option can be used to get latexmk
  to try to force complete processing.
  But normally, you will need to correct the file(s) that caused the
  error, and then rerun latexmk.
  In some cases, it is best to clean out generated files before rerunning
  latexmk after you've corrected the files.

[09:56:58.950][Build] Cleaning auxiliary files and retrying build after toolchain error.
[09:56:58.951][Cleaner] Clean temporary files command The command is latexmk:["-outdir=%WS1%","-c","%WS1%/main.tex"].
[09:56:58.960][Build] Recipe step 1 The command is latexmk:["-synctex=1","-interaction=nonstopmode","-file-line-error","-pdf","-outdir=%WS1%","%WS1%/main"].
[09:56:58.961][Build] env: {}
[09:56:58.961][Build] root: %WS1%/main.tex
[09:56:58.962][Build] cwd: %WS1%
[09:56:58.968][Build] LaTeX build process spawned with PID 787.
[09:56:59.074][Event] AUTO_CLEANED
[09:57:00.867][Parser][TexLog] Logged 39 messages.
[09:57:00.869][Build] Recipe returns with error code 12/null on PID 787.
[09:57:00.869][Build] Does the executable exist? $PATH: /home/braceskabane/.vscode-server/bin/b380da4ef1ee00e224a15c1d4d9793e27c2b6302/bin/remote-cli:/usr/local/sbin:/usr/local/bin:/usr/sbin:/usr/bin:/sbin:/bin:/usr/games:/usr/local/games:/usr/lib/wsl/lib:/mnt/c/Program Files (x86)/Common Files/Oracle/Java/javapath:/mnt/c/Program Files/Tesseract-OCR:/mnt/c/WINDOWS/system32:/mnt/c/WINDOWS:/mnt/c/WINDOWS/System32/Wbem:/mnt/c/WINDOWS/System32/WindowsPowerShell/v1.0/:/mnt/c/WINDOWS/System32/OpenSSH/:/mnt/c/Program Files/Git/bin:/mnt/c/Program Files/nodejs:/mnt/c/Program Files/gradle-8.5/bin:/mnt/c/Program Files/zulu-17/bin:/mnt/c/Program Files/Docker/Docker/resources/bin:/mnt/c/Program Files/dotnet/:/mnt/c/Program Files/MiKTeX/miktex/bin/x64/:/mnt/c/Strawberry/c/bin:/mnt/c/Strawberry/perl/site/bin:/mnt/c/Strawberry/perl/bin:/mnt/c/Users/ACER/AppData/Local/Programs/Python/Python311/Scripts/:/mnt/c/Users/ACER/AppData/Local/Programs/Python/Python311/:/mnt/c/Users/ACER/AppData/Local/Microsoft/WindowsApps:/mnt/c/Users/ACER/AppData/Local/Programs/Microsoft VS Code/bin:/mnt/c/Users/ACER/AppData/Local/Programs/MiKTeX/miktex/bin/x64/:/mnt/c/Users/ACER/AppData/Roaming/npm:/mnt/c/Users/ACER/AppData/Local/GitHubDesktop/bin:/mnt/c/Program Files/zulu-17/bin:/mnt/c/Program Files/JetBrains/IntelliJ IDEA Community Edition 2023.3.2/bin:/mnt/c/Program Files/MiKTeX/miktex/bin/x64/:/snap/bin, $Path: undefined, $SHELL: /bin/bash
[09:57:00.869][Build] Latexmk: Missing input file 'main.toc' (or dependence on it) from following:
  No file main.toc.
Latexmk: Missing input file 'main.lof' (or dependence on it) from following:
  No file main.lof.
Latexmk: Missing input file 'main.lot' (or dependence on it) from following:
  No file main.lot.
Latexmk: ====Undefined refs and citations with line #s in .tex file:
  Reference `eq:FirstLaw' on page 5 undefined on input line 14
  Reference `fig:Blueprint' on page 7 undefined on input line 20
  Reference `tbl:timeline' on page 11 undefined on input line 36
Latexmk: Sometimes, the -f option can be used to get latexmk
  to try to force complete processing.
  But normally, you will need to correct the file(s) that caused the
  error, and then rerun latexmk.
  In some cases, it is best to clean out generated files before rerunning
  latexmk after you've corrected the files.

[09:59:57.565][Commander] ACTIONS command invoked.
[09:59:58.514][Commander] ACTIONS command invoked.
[10:00:01.096][Commander] ACTIONS command invoked.
[10:01:00.552][Extension] onDidSaveTextDocument triggered: file://%WS1%/konten/1-pendahuluan.tex
[10:01:00.626][Cacher][Watcher] "change" emitted on %WS1%/konten/1-pendahuluan.tex.
[10:01:00.628][Cacher] Caching %WS1%/konten/1-pendahuluan.tex .
[10:01:00.629][Cacher] Updated inputs of %WS1%/konten/1-pendahuluan.tex .
[10:01:00.629][Cacher] Parse LaTeX AST: %WS1%/konten/1-pendahuluan.tex .
[10:01:00.629][Build] Auto build started detecting the change of a file: %WS1%/konten/1-pendahuluan.tex .
[10:01:00.629][Event] AUTO_BUILD_INITIATED: {"type":"onFileChange","file":"%WS1%/konten/1-pendahuluan.tex"}
[10:01:00.630][Build] The document of the active editor: file://%WS1%/konten/1-pendahuluan.tex
[10:01:00.630][Build] The languageId of the document: latex
[10:01:00.630][Build] Building root file: %WS1%/main.tex
[10:01:00.630][Build][Recipe] Build root file %WS1%/main.tex
[10:01:00.630][Event] FILE_CHANGED: "%WS1%/konten/1-pendahuluan.tex"
[10:01:00.634][Build][Recipe] Preparing to run recipe: latexmk.
[10:01:00.634][Build][Recipe] Prepared 1 tools.
[10:01:00.635][Build][Recipe] outDir: %WS1% .
[10:01:00.636][Build] Recipe step 1 The command is latexmk:["-synctex=1","-interaction=nonstopmode","-file-line-error","-pdf","-outdir=%WS1%","%WS1%/main"].
[10:01:00.636][Build] env: {}
[10:01:00.636][Build] root: %WS1%/main.tex
[10:01:00.637][Build] cwd: %WS1%
[10:01:00.644][Build] LaTeX build process spawned with PID 811.
[10:01:00.759][Build] Recipe returns with error code 12/null on PID 811.
[10:01:00.760][Build] Does the executable exist? $PATH: /home/braceskabane/.vscode-server/bin/b380da4ef1ee00e224a15c1d4d9793e27c2b6302/bin/remote-cli:/usr/local/sbin:/usr/local/bin:/usr/sbin:/usr/bin:/sbin:/bin:/usr/games:/usr/local/games:/usr/lib/wsl/lib:/mnt/c/Program Files (x86)/Common Files/Oracle/Java/javapath:/mnt/c/Program Files/Tesseract-OCR:/mnt/c/WINDOWS/system32:/mnt/c/WINDOWS:/mnt/c/WINDOWS/System32/Wbem:/mnt/c/WINDOWS/System32/WindowsPowerShell/v1.0/:/mnt/c/WINDOWS/System32/OpenSSH/:/mnt/c/Program Files/Git/bin:/mnt/c/Program Files/nodejs:/mnt/c/Program Files/gradle-8.5/bin:/mnt/c/Program Files/zulu-17/bin:/mnt/c/Program Files/Docker/Docker/resources/bin:/mnt/c/Program Files/dotnet/:/mnt/c/Program Files/MiKTeX/miktex/bin/x64/:/mnt/c/Strawberry/c/bin:/mnt/c/Strawberry/perl/site/bin:/mnt/c/Strawberry/perl/bin:/mnt/c/Users/ACER/AppData/Local/Programs/Python/Python311/Scripts/:/mnt/c/Users/ACER/AppData/Local/Programs/Python/Python311/:/mnt/c/Users/ACER/AppData/Local/Microsoft/WindowsApps:/mnt/c/Users/ACER/AppData/Local/Programs/Microsoft VS Code/bin:/mnt/c/Users/ACER/AppData/Local/Programs/MiKTeX/miktex/bin/x64/:/mnt/c/Users/ACER/AppData/Roaming/npm:/mnt/c/Users/ACER/AppData/Local/GitHubDesktop/bin:/mnt/c/Program Files/zulu-17/bin:/mnt/c/Program Files/JetBrains/IntelliJ IDEA Community Edition 2023.3.2/bin:/mnt/c/Program Files/MiKTeX/miktex/bin/x64/:/snap/bin, $Path: undefined, $SHELL: /bin/bash
[10:01:00.761][Build] Latexmk: Sometimes, the -f option can be used to get latexmk
  to try to force complete processing.
  But normally, you will need to correct the file(s) that caused the
  error, and then rerun latexmk.
  In some cases, it is best to clean out generated files before rerunning
  latexmk after you've corrected the files.

[10:01:00.761][Build] Cleaning auxiliary files and retrying build after toolchain error.
[10:01:00.762][Cleaner] Clean temporary files command The command is latexmk:["-outdir=%WS1%","-c","%WS1%/main.tex"].
[10:01:00.768][Build] Recipe step 1 The command is latexmk:["-synctex=1","-interaction=nonstopmode","-file-line-error","-pdf","-outdir=%WS1%","%WS1%/main"].
[10:01:00.769][Build] env: {}
[10:01:00.770][Build] root: %WS1%/main.tex
[10:01:00.770][Build] cwd: %WS1%
[10:01:00.777][Build] LaTeX build process spawned with PID 813.
[10:01:00.789][Cacher] Parsed LaTeX AST: %WS1%/konten/1-pendahuluan.tex .
[10:01:00.794][Cacher] Updated elements in 4.18 ms: %WS1%/konten/1-pendahuluan.tex .
[10:01:00.794][Event] FILE_PARSED: "%WS1%/konten/1-pendahuluan.tex"
[10:01:00.796][Structure] Structure force updated with 10 root sections for %WS1%/main.tex .
[10:01:00.796][Event] STRUCTURE_UPDATED
[10:01:00.865][Event] AUTO_CLEANED
[10:01:02.510][Parser][TexLog] Logged 39 messages.
[10:01:02.512][Build] Recipe returns with error code 12/null on PID 813.
[10:01:02.512][Build] Does the executable exist? $PATH: /home/braceskabane/.vscode-server/bin/b380da4ef1ee00e224a15c1d4d9793e27c2b6302/bin/remote-cli:/usr/local/sbin:/usr/local/bin:/usr/sbin:/usr/bin:/sbin:/bin:/usr/games:/usr/local/games:/usr/lib/wsl/lib:/mnt/c/Program Files (x86)/Common Files/Oracle/Java/javapath:/mnt/c/Program Files/Tesseract-OCR:/mnt/c/WINDOWS/system32:/mnt/c/WINDOWS:/mnt/c/WINDOWS/System32/Wbem:/mnt/c/WINDOWS/System32/WindowsPowerShell/v1.0/:/mnt/c/WINDOWS/System32/OpenSSH/:/mnt/c/Program Files/Git/bin:/mnt/c/Program Files/nodejs:/mnt/c/Program Files/gradle-8.5/bin:/mnt/c/Program Files/zulu-17/bin:/mnt/c/Program Files/Docker/Docker/resources/bin:/mnt/c/Program Files/dotnet/:/mnt/c/Program Files/MiKTeX/miktex/bin/x64/:/mnt/c/Strawberry/c/bin:/mnt/c/Strawberry/perl/site/bin:/mnt/c/Strawberry/perl/bin:/mnt/c/Users/ACER/AppData/Local/Programs/Python/Python311/Scripts/:/mnt/c/Users/ACER/AppData/Local/Programs/Python/Python311/:/mnt/c/Users/ACER/AppData/Local/Microsoft/WindowsApps:/mnt/c/Users/ACER/AppData/Local/Programs/Microsoft VS Code/bin:/mnt/c/Users/ACER/AppData/Local/Programs/MiKTeX/miktex/bin/x64/:/mnt/c/Users/ACER/AppData/Roaming/npm:/mnt/c/Users/ACER/AppData/Local/GitHubDesktop/bin:/mnt/c/Program Files/zulu-17/bin:/mnt/c/Program Files/JetBrains/IntelliJ IDEA Community Edition 2023.3.2/bin:/mnt/c/Program Files/MiKTeX/miktex/bin/x64/:/snap/bin, $Path: undefined, $SHELL: /bin/bash
[10:01:02.512][Build] Latexmk: Missing input file 'main.toc' (or dependence on it) from following:
  No file main.toc.
Latexmk: Missing input file 'main.lof' (or dependence on it) from following:
  No file main.lof.
Latexmk: Missing input file 'main.lot' (or dependence on it) from following:
  No file main.lot.
Latexmk: ====Undefined refs and citations with line #s in .tex file:
  Reference `eq:FirstLaw' on page 5 undefined on input line 14
  Reference `fig:Blueprint' on page 7 undefined on input line 20
  Reference `tbl:timeline' on page 11 undefined on input line 36
Latexmk: Sometimes, the -f option can be used to get latexmk
  to try to force complete processing.
  But normally, you will need to correct the file(s) that caused the
  error, and then rerun latexmk.
  In some cases, it is best to clean out generated files before rerunning
  latexmk after you've corrected the files.

