2024-10-06 17:04:21.211 [info] Log level: Info
2024-10-06 17:04:21.211 [info] Validating found git in: "git"
2024-10-06 17:04:21.211 [info] Using git "2.43.0" from "git"
2024-10-06 17:04:21.211 [info] > git rev-parse --show-toplevel [39ms]
2024-10-06 17:04:21.212 [info] > git rev-parse --git-dir --git-common-dir [24ms]
2024-10-06 17:04:21.220 [info] Open repository: /home/braceskabane/proposal
2024-10-06 17:04:21.232 [info] > git rev-parse --show-toplevel [6ms]
2024-10-06 17:04:21.241 [info] > git rev-parse --show-toplevel [1ms]
2024-10-06 17:04:21.246 [info] > git config --get commit.template [15ms]
2024-10-06 17:04:21.247 [info] > git rev-parse --show-toplevel [2ms]
2024-10-06 17:04:21.262 [info] > git rev-parse --show-toplevel [8ms]
2024-10-06 17:04:21.268 [info] > git rev-parse --show-toplevel [1ms]
2024-10-06 17:04:21.276 [info] > git rev-parse --show-toplevel [0ms]
2024-10-06 17:04:21.309 [info] > git for-each-ref --format=%(refname)%00%(upstream:short)%00%(objectname)%00%(upstream:track)%00%(upstream:remotename)%00%(upstream:remoteref) refs/heads/main refs/remotes/main [48ms]
2024-10-06 17:04:21.327 [info] > git status -z -uall --find-renames=50% [10ms]
2024-10-06 17:04:21.344 [info] > git config --get commit.template [1ms]
2024-10-06 17:04:21.443 [info] > git for-each-ref --format=%(refname)%00%(upstream:short)%00%(objectname)%00%(upstream:track)%00%(upstream:remotename)%00%(upstream:remoteref) refs/heads/main refs/remotes/main [94ms]
2024-10-06 17:04:21.474 [info] > git status -z -uall --find-renames=50% [27ms]
2024-10-06 17:04:22.078 [info] > git check-ignore -v -z --stdin [51ms]
2024-10-06 17:06:41.288 [info] > git check-ignore -v -z --stdin [1ms]
2024-10-06 17:06:43.383 [info] > git check-ignore -v -z --stdin [3ms]
2024-10-06 17:06:57.289 [info] > git config --get commit.template [1ms]
2024-10-06 17:06:57.299 [info] > git for-each-ref --format=%(refname)%00%(upstream:short)%00%(objectname)%00%(upstream:track)%00%(upstream:remotename)%00%(upstream:remoteref) refs/heads/main refs/remotes/main [1ms]
2024-10-06 17:06:57.310 [info] > git status -z -uall --find-renames=50% [3ms]
2024-10-06 17:07:14.036 [info] > git config --get commit.template [1ms]
2024-10-06 17:07:14.044 [info] > git for-each-ref --format=%(refname)%00%(upstream:short)%00%(objectname)%00%(upstream:track)%00%(upstream:remotename)%00%(upstream:remoteref) refs/heads/main refs/remotes/main [1ms]
2024-10-06 17:07:14.057 [info] > git status -z -uall --find-renames=50% [5ms]
2024-10-06 17:07:27.569 [info] > git config --get commit.template [10ms]
2024-10-06 17:07:27.570 [info] > git for-each-ref --format=%(refname)%00%(upstream:short)%00%(objectname)%00%(upstream:track)%00%(upstream:remotename)%00%(upstream:remoteref) refs/heads/main refs/remotes/main [2ms]
2024-10-06 17:07:27.578 [info] > git status -z -uall --find-renames=50% [2ms]
2024-10-06 17:09:07.038 [info] > git config --get commit.template [4ms]
2024-10-06 17:09:07.038 [info] > git for-each-ref --format=%(refname)%00%(upstream:short)%00%(objectname)%00%(upstream:track)%00%(upstream:remotename)%00%(upstream:remoteref) refs/heads/main refs/remotes/main [1ms]
2024-10-06 17:09:07.045 [info] > git status -z -uall --find-renames=50% [2ms]
2024-10-06 17:11:51.169 [info] > git config --get commit.template [1ms]
2024-10-06 17:11:51.174 [info] > git for-each-ref --format=%(refname)%00%(upstream:short)%00%(objectname)%00%(upstream:track)%00%(upstream:remotename)%00%(upstream:remoteref) refs/heads/main refs/remotes/main [1ms]
2024-10-06 17:11:51.181 [info] > git status -z -uall --find-renames=50% [2ms]
2024-10-06 17:13:13.146 [info] > git config --get commit.template [1ms]
2024-10-06 17:13:13.156 [info] > git for-each-ref --format=%(refname)%00%(upstream:short)%00%(objectname)%00%(upstream:track)%00%(upstream:remotename)%00%(upstream:remoteref) refs/heads/main refs/remotes/main [3ms]
2024-10-06 17:13:13.166 [info] > git status -z -uall --find-renames=50% [0ms]
