2024-10-04 09:49:42.842 [info] Log level: Info
2024-10-04 09:49:42.842 [info] Validating found git in: "git"
2024-10-04 09:49:42.842 [info] Using git "2.43.0" from "git"
2024-10-04 09:49:42.842 [info] > git rev-parse --show-toplevel [90ms]
2024-10-04 09:49:42.855 [info] > git rev-parse --git-dir --git-common-dir [42ms]
2024-10-04 09:49:42.864 [info] Open repository: /home/braceskabane/proposal
2024-10-04 09:49:42.881 [info] > git rev-parse --show-toplevel [11ms]
2024-10-04 09:49:42.889 [info] > git rev-parse --show-toplevel [4ms]
2024-10-04 09:49:42.895 [info] > git config --get commit.template [20ms]
2024-10-04 09:49:42.898 [info] > git rev-parse --show-toplevel [4ms]
2024-10-04 09:49:42.924 [info] > git for-each-ref --format=%(refname)%00%(upstream:short)%00%(objectname)%00%(upstream:track)%00%(upstream:remotename)%00%(upstream:remoteref) refs/heads/main refs/remotes/main [13ms]
2024-10-04 09:49:42.931 [info] > git rev-parse --show-toplevel [27ms]
2024-10-04 09:49:43.035 [info] > git status -z -uall --find-renames=50% [104ms]
2024-10-04 09:49:43.035 [info] > git rev-parse --show-toplevel [98ms]
2024-10-04 09:49:43.091 [info] > git rev-parse --show-toplevel [50ms]
2024-10-04 09:49:43.124 [info] > git rev-parse --show-toplevel [26ms]
2024-10-04 09:49:43.138 [info] > git config --get commit.template [17ms]
2024-10-04 09:49:43.280 [info] > git for-each-ref --format=%(refname)%00%(upstream:short)%00%(objectname)%00%(upstream:track)%00%(upstream:remotename)%00%(upstream:remoteref) refs/heads/main refs/remotes/main [101ms]
2024-10-04 09:49:43.343 [info] > git status -z -uall --find-renames=50% [55ms]
2024-10-04 09:49:43.668 [info] > git check-ignore -v -z --stdin [12ms]
2024-10-04 09:49:43.719 [info] > git show --textconv :konten/1-pendahuluan.tex [15ms]
2024-10-04 09:49:43.719 [info] > git ls-files --stage -- /home/braceskabane/proposal/konten/1-pendahuluan.tex [7ms]
2024-10-04 09:49:43.733 [info] > git cat-file -s d63e1f45632f6fd13167b30b78ece6f715c14bdb [4ms]
2024-10-04 09:51:35.369 [info] > git check-ignore -v -z --stdin [1ms]
2024-10-04 09:51:37.063 [info] > git show --textconv :sampul/konten-en.tex [14ms]
2024-10-04 09:51:37.064 [info] > git ls-files --stage -- /home/braceskabane/proposal/sampul/konten-en.tex [1ms]
2024-10-04 09:51:37.073 [info] > git cat-file -s 0aaf5e0acd50dfcb216865abcb8004786d08f42f [2ms]
2024-10-04 09:52:37.158 [info] > git check-ignore -v -z --stdin [3ms]
2024-10-04 09:53:09.878 [info] > git config --get commit.template [1ms]
2024-10-04 09:53:09.887 [info] > git for-each-ref --format=%(refname)%00%(upstream:short)%00%(objectname)%00%(upstream:track)%00%(upstream:remotename)%00%(upstream:remoteref) refs/heads/main refs/remotes/main [1ms]
2024-10-04 09:53:09.906 [info] > git status -z -uall --find-renames=50% [4ms]
2024-10-04 09:53:20.238 [info] > git config --get commit.template [2ms]
2024-10-04 09:53:20.246 [info] > git for-each-ref --format=%(refname)%00%(upstream:short)%00%(objectname)%00%(upstream:track)%00%(upstream:remotename)%00%(upstream:remoteref) refs/heads/main refs/remotes/main [1ms]
2024-10-04 09:53:20.255 [info] > git status -z -uall --find-renames=50% [3ms]
2024-10-04 09:53:33.471 [info] > git config --get commit.template [2ms]
2024-10-04 09:53:33.482 [info] > git for-each-ref --format=%(refname)%00%(upstream:short)%00%(objectname)%00%(upstream:track)%00%(upstream:remotename)%00%(upstream:remoteref) refs/heads/main refs/remotes/main [1ms]
2024-10-04 09:53:33.495 [info] > git status -z -uall --find-renames=50% [4ms]
2024-10-04 09:56:53.011 [info] > git config --get commit.template [3ms]
2024-10-04 09:56:53.027 [info] > git for-each-ref --format=%(refname)%00%(upstream:short)%00%(objectname)%00%(upstream:track)%00%(upstream:remotename)%00%(upstream:remoteref) refs/heads/main refs/remotes/main [2ms]
2024-10-04 09:56:53.045 [info] > git status -z -uall --find-renames=50% [3ms]
2024-10-04 09:57:02.042 [info] > git config --get commit.template [2ms]
2024-10-04 09:57:02.059 [info] > git for-each-ref --format=%(refname)%00%(upstream:short)%00%(objectname)%00%(upstream:track)%00%(upstream:remotename)%00%(upstream:remoteref) refs/heads/main refs/remotes/main [2ms]
2024-10-04 09:57:02.077 [info] > git status -z -uall --find-renames=50% [5ms]
