2024-10-03 17:28:24.633 [info] Extension host with pid 442 started
2024-10-03 17:28:24.638 [error] Error: EEXIST: file already exists, open '/home/braceskabane/.vscode-server/data/User/workspaceStorage/af5d26c232db7f74479765b67a44b581/vscode.lock'
2024-10-03 17:28:24.644 [info] Lock '/home/braceskabane/.vscode-server/data/User/workspaceStorage/af5d26c232db7f74479765b67a44b581/vscode.lock': Could not acquire lock, checking if the file is stale.
2024-10-03 17:28:24.646 [info] Lock '/home/braceskabane/.vscode-server/data/User/workspaceStorage/af5d26c232db7f74479765b67a44b581/vscode.lock': The pid 10764 appears to be gone.
2024-10-03 17:28:24.647 [info] Lock '/home/braceskabane/.vscode-server/data/User/workspaceStorage/af5d26c232db7f74479765b67a44b581/vscode.lock': Deleting a stale lock.
2024-10-03 17:28:24.656 [info] Lock '/home/braceskabane/.vscode-server/data/User/workspaceStorage/af5d26c232db7f74479765b67a44b581/vscode.lock': Lock acquired.
2024-10-03 17:28:24.698 [info] ExtensionService#_doActivateExtension James-Yu.latex-workshop, startup: false, activationEvent: 'onCustomEditor:latex-workshop-pdf-hook'
2024-10-03 17:28:24.699 [info] ExtensionService#_doActivateExtension mathematic.vscode-latex, startup: false, activationEvent: 'onLanguage:latex'
2024-10-03 17:28:24.699 [info] ExtensionService#_doActivateExtension vscode.emmet, startup: false, activationEvent: 'onLanguage'
2024-10-03 17:28:25.183 [warning] DiagnosticCollection with name 'BibTeX' does already exist.
2024-10-03 17:28:25.431 [info] ExtensionService#_doActivateExtension vscode.git-base, startup: true, activationEvent: '*', root cause: vscode.git
2024-10-03 17:28:25.460 [info] ExtensionService#_doActivateExtension vscode.git, startup: true, activationEvent: '*'
2024-10-03 17:28:25.460 [info] ExtensionService#_doActivateExtension vscode.github, startup: true, activationEvent: '*'
2024-10-03 17:28:25.598 [info] Eager extensions activated
2024-10-03 17:28:25.598 [info] ExtensionService#_doActivateExtension vscode.debug-auto-launch, startup: false, activationEvent: 'onStartupFinished'
2024-10-03 17:28:25.599 [info] ExtensionService#_doActivateExtension vscode.merge-conflict, startup: false, activationEvent: 'onStartupFinished'
2024-10-03 17:28:26.089 [info] ExtensionService#_doActivateExtension vscode.json-language-features, startup: false, activationEvent: 'onLanguage:jsonc'
2024-10-03 17:28:26.090 [info] ExtensionService#_doActivateExtension vscode.typescript-language-features, startup: false, activationEvent: 'onLanguage:jsonc'
2024-10-04 04:46:59.800 [info] Extension host terminating: received terminate message from renderer
2024-10-04 04:46:59.805 [info] Lock '/home/braceskabane/.vscode-server/data/User/workspaceStorage/af5d26c232db7f74479765b67a44b581/vscode.lock': Marking the lockfile as scheduled to be released in 6000 ms.
2024-10-04 04:46:59.884 [error] Canceled: Canceled
	at new l (/home/braceskabane/.vscode-server/bin/b380da4ef1ee00e224a15c1d4d9793e27c2b6302/out/vs/workbench/api/node/extensionHostProcess.js:100:105905)
	at s.O (/home/braceskabane/.vscode-server/bin/b380da4ef1ee00e224a15c1d4d9793e27c2b6302/out/vs/workbench/api/node/extensionHostProcess.js:112:11754)
	at Proxy.z.<computed>.H.charCodeAt.z.<computed> (/home/braceskabane/.vscode-server/bin/b380da4ef1ee00e224a15c1d4d9793e27c2b6302/out/vs/workbench/api/node/extensionHostProcess.js:112:9029)
	at e.ExtHostCommands.g (/home/braceskabane/.vscode-server/bin/b380da4ef1ee00e224a15c1d4d9793e27c2b6302/out/vs/workbench/api/node/extensionHostProcess.js:100:130078)
	at e.ExtHostCommands.executeCommand (/home/braceskabane/.vscode-server/bin/b380da4ef1ee00e224a15c1d4d9793e27c2b6302/out/vs/workbench/api/node/extensionHostProcess.js:100:129454)
	at k.registerCommand.description (/home/braceskabane/.vscode-server/bin/b380da4ef1ee00e224a15c1d4d9793e27c2b6302/out/vs/workbench/api/node/extensionHostProcess.js:100:128747)
	at e.ExtHostCommands.h (/home/braceskabane/.vscode-server/bin/b380da4ef1ee00e224a15c1d4d9793e27c2b6302/out/vs/workbench/api/node/extensionHostProcess.js:100:130664)
	at e.ExtHostCommands.g (/home/braceskabane/.vscode-server/bin/b380da4ef1ee00e224a15c1d4d9793e27c2b6302/out/vs/workbench/api/node/extensionHostProcess.js:100:129554)
	at e.ExtHostCommands.executeCommand (/home/braceskabane/.vscode-server/bin/b380da4ef1ee00e224a15c1d4d9793e27c2b6302/out/vs/workbench/api/node/extensionHostProcess.js:100:129454)
	at Object.executeCommand (/home/braceskabane/.vscode-server/bin/b380da4ef1ee00e224a15c1d4d9793e27c2b6302/out/vs/workbench/api/node/extensionHostProcess.js:118:24230)
	at D (/home/braceskabane/.vscode-server/bin/b380da4ef1ee00e224a15c1d4d9793e27c2b6302/extensions/git/dist/main.js:2:1261260)
	at b.invoke (/home/braceskabane/.vscode-server/bin/b380da4ef1ee00e224a15c1d4d9793e27c2b6302/out/vs/workbench/api/node/extensionHostProcess.js:63:145)
	at deliver (/home/braceskabane/.vscode-server/bin/b380da4ef1ee00e224a15c1d4d9793e27c2b6302/out/vs/workbench/api/node/extensionHostProcess.js:63:2121)
	at n.fire (/home/braceskabane/.vscode-server/bin/b380da4ef1ee00e224a15c1d4d9793e27c2b6302/out/vs/workbench/api/node/extensionHostProcess.js:63:1729)
	at Object.m [as dispose] (/home/braceskabane/.vscode-server/bin/b380da4ef1ee00e224a15c1d4d9793e27c2b6302/extensions/git/dist/main.js:2:1276093)
	at /home/braceskabane/.vscode-server/bin/b380da4ef1ee00e224a15c1d4d9793e27c2b6302/extensions/git/dist/main.js:2:1280594
	at Array.forEach (<anonymous>)
	at g.dispose (/home/braceskabane/.vscode-server/bin/b380da4ef1ee00e224a15c1d4d9793e27c2b6302/extensions/git/dist/main.js:2:1280580)
	at r.<anonymous> (/home/braceskabane/.vscode-server/bin/b380da4ef1ee00e224a15c1d4d9793e27c2b6302/out/vs/workbench/api/node/extensionHostProcess.js:98:12552)
	at r.dispose (/home/braceskabane/.vscode-server/bin/b380da4ef1ee00e224a15c1d4d9793e27c2b6302/out/vs/workbench/api/node/extensionHostProcess.js:98:12687)
	at r.<anonymous> (/home/braceskabane/.vscode-server/bin/b380da4ef1ee00e224a15c1d4d9793e27c2b6302/extensions/git/dist/main.js:2:1263390)
	at r.dispose (/home/braceskabane/.vscode-server/bin/b380da4ef1ee00e224a15c1d4d9793e27c2b6302/out/vs/workbench/api/node/extensionHostProcess.js:98:12687)
	at I (/home/braceskabane/.vscode-server/bin/b380da4ef1ee00e224a15c1d4d9793e27c2b6302/out/vs/workbench/api/node/extensionHostProcess.js:10:12083)
	at n.Z (/home/braceskabane/.vscode-server/bin/b380da4ef1ee00e224a15c1d4d9793e27c2b6302/out/vs/workbench/api/node/extensionHostProcess.js:114:11285)
	at /home/braceskabane/.vscode-server/bin/b380da4ef1ee00e224a15c1d4d9793e27c2b6302/out/vs/workbench/api/node/extensionHostProcess.js:114:9187
	at Array.map (<anonymous>)
	at n.S (/home/braceskabane/.vscode-server/bin/b380da4ef1ee00e224a15c1d4d9793e27c2b6302/out/vs/workbench/api/node/extensionHostProcess.js:114:9175)
	at n.terminate (/home/braceskabane/.vscode-server/bin/b380da4ef1ee00e224a15c1d4d9793e27c2b6302/out/vs/workbench/api/node/extensionHostProcess.js:114:9445)
	at h.terminate (/home/braceskabane/.vscode-server/bin/b380da4ef1ee00e224a15c1d4d9793e27c2b6302/out/vs/workbench/api/node/extensionHostProcess.js:118:1544)
	at p (/home/braceskabane/.vscode-server/bin/b380da4ef1ee00e224a15c1d4d9793e27c2b6302/out/vs/workbench/api/node/extensionHostProcess.js:128:34497)
	at /home/braceskabane/.vscode-server/bin/b380da4ef1ee00e224a15c1d4d9793e27c2b6302/out/vs/workbench/api/node/extensionHostProcess.js:128:32407
	at b.invoke (/home/braceskabane/.vscode-server/bin/b380da4ef1ee00e224a15c1d4d9793e27c2b6302/out/vs/workbench/api/node/extensionHostProcess.js:63:145)
	at deliver (/home/braceskabane/.vscode-server/bin/b380da4ef1ee00e224a15c1d4d9793e27c2b6302/out/vs/workbench/api/node/extensionHostProcess.js:63:2121)
	at n.fire (/home/braceskabane/.vscode-server/bin/b380da4ef1ee00e224a15c1d4d9793e27c2b6302/out/vs/workbench/api/node/extensionHostProcess.js:63:1729)
	at p.fire (/home/braceskabane/.vscode-server/bin/b380da4ef1ee00e224a15c1d4d9793e27c2b6302/out/vs/workbench/api/node/extensionHostProcess.js:73:14783)
	at D.E (/home/braceskabane/.vscode-server/bin/b380da4ef1ee00e224a15c1d4d9793e27c2b6302/out/vs/workbench/api/node/extensionHostProcess.js:73:18830)
	at /home/braceskabane/.vscode-server/bin/b380da4ef1ee00e224a15c1d4d9793e27c2b6302/out/vs/workbench/api/node/extensionHostProcess.js:73:16818
	at b.invoke (/home/braceskabane/.vscode-server/bin/b380da4ef1ee00e224a15c1d4d9793e27c2b6302/out/vs/workbench/api/node/extensionHostProcess.js:63:145)
	at deliver (/home/braceskabane/.vscode-server/bin/b380da4ef1ee00e224a15c1d4d9793e27c2b6302/out/vs/workbench/api/node/extensionHostProcess.js:63:2121)
	at n.fire (/home/braceskabane/.vscode-server/bin/b380da4ef1ee00e224a15c1d4d9793e27c2b6302/out/vs/workbench/api/node/extensionHostProcess.js:63:1729)
	at h.acceptChunk (/home/braceskabane/.vscode-server/bin/b380da4ef1ee00e224a15c1d4d9793e27c2b6302/out/vs/workbench/api/node/extensionHostProcess.js:73:12514)
	at /home/braceskabane/.vscode-server/bin/b380da4ef1ee00e224a15c1d4d9793e27c2b6302/out/vs/workbench/api/node/extensionHostProcess.js:73:11801
	at b.invoke (/home/braceskabane/.vscode-server/bin/b380da4ef1ee00e224a15c1d4d9793e27c2b6302/out/vs/workbench/api/node/extensionHostProcess.js:63:145)
	at deliver (/home/braceskabane/.vscode-server/bin/b380da4ef1ee00e224a15c1d4d9793e27c2b6302/out/vs/workbench/api/node/extensionHostProcess.js:63:2121)
	at n.fire (/home/braceskabane/.vscode-server/bin/b380da4ef1ee00e224a15c1d4d9793e27c2b6302/out/vs/workbench/api/node/extensionHostProcess.js:63:1729)
	at E.u (/home/braceskabane/.vscode-server/bin/b380da4ef1ee00e224a15c1d4d9793e27c2b6302/out/vs/workbench/api/node/extensionHostProcess.js:128:20037)
	at E.acceptFrame (/home/braceskabane/.vscode-server/bin/b380da4ef1ee00e224a15c1d4d9793e27c2b6302/out/vs/workbench/api/node/extensionHostProcess.js:128:19843)
	at d.l (/home/braceskabane/.vscode-server/bin/b380da4ef1ee00e224a15c1d4d9793e27c2b6302/out/vs/workbench/api/node/extensionHostProcess.js:128:18436)
	at /home/braceskabane/.vscode-server/bin/b380da4ef1ee00e224a15c1d4d9793e27c2b6302/out/vs/workbench/api/node/extensionHostProcess.js:128:15773
	at Socket.i (/home/braceskabane/.vscode-server/bin/b380da4ef1ee00e224a15c1d4d9793e27c2b6302/out/vs/workbench/api/node/extensionHostProcess.js:128:13607)
	at Socket.emit (node:events:513:28)
	at addChunk (node:internal/streams/readable:315:12)
	at readableAddChunk (node:internal/streams/readable:289:9)
	at Socket.Readable.push (node:internal/streams/readable:228:10)
	at TCP.onStreamRead (node:internal/stream_base_commons:190:23) setContext undefined
2024-10-04 04:46:59.893 [error] Canceled: Canceled
	at new l (/home/braceskabane/.vscode-server/bin/b380da4ef1ee00e224a15c1d4d9793e27c2b6302/out/vs/workbench/api/node/extensionHostProcess.js:100:105905)
	at s.O (/home/braceskabane/.vscode-server/bin/b380da4ef1ee00e224a15c1d4d9793e27c2b6302/out/vs/workbench/api/node/extensionHostProcess.js:112:11754)
	at Proxy.z.<computed>.H.charCodeAt.z.<computed> (/home/braceskabane/.vscode-server/bin/b380da4ef1ee00e224a15c1d4d9793e27c2b6302/out/vs/workbench/api/node/extensionHostProcess.js:112:9029)
	at e.ExtHostCommands.g (/home/braceskabane/.vscode-server/bin/b380da4ef1ee00e224a15c1d4d9793e27c2b6302/out/vs/workbench/api/node/extensionHostProcess.js:100:130078)
	at e.ExtHostCommands.executeCommand (/home/braceskabane/.vscode-server/bin/b380da4ef1ee00e224a15c1d4d9793e27c2b6302/out/vs/workbench/api/node/extensionHostProcess.js:100:129454)
	at k.registerCommand.description (/home/braceskabane/.vscode-server/bin/b380da4ef1ee00e224a15c1d4d9793e27c2b6302/out/vs/workbench/api/node/extensionHostProcess.js:100:128747)
	at e.ExtHostCommands.h (/home/braceskabane/.vscode-server/bin/b380da4ef1ee00e224a15c1d4d9793e27c2b6302/out/vs/workbench/api/node/extensionHostProcess.js:100:130664)
	at e.ExtHostCommands.g (/home/braceskabane/.vscode-server/bin/b380da4ef1ee00e224a15c1d4d9793e27c2b6302/out/vs/workbench/api/node/extensionHostProcess.js:100:129554)
	at e.ExtHostCommands.executeCommand (/home/braceskabane/.vscode-server/bin/b380da4ef1ee00e224a15c1d4d9793e27c2b6302/out/vs/workbench/api/node/extensionHostProcess.js:100:129454)
	at Object.executeCommand (/home/braceskabane/.vscode-server/bin/b380da4ef1ee00e224a15c1d4d9793e27c2b6302/out/vs/workbench/api/node/extensionHostProcess.js:118:24230)
	at p.VscodeDevShareProvider.set b [as b] (/home/braceskabane/.vscode-server/bin/b380da4ef1ee00e224a15c1d4d9793e27c2b6302/extensions/github/dist/extension.js:2:152873)
	at /home/braceskabane/.vscode-server/bin/b380da4ef1ee00e224a15c1d4d9793e27c2b6302/extensions/github/dist/extension.js:2:153583
	at /home/braceskabane/.vscode-server/bin/b380da4ef1ee00e224a15c1d4d9793e27c2b6302/extensions/git/dist/main.js:2:1348853
	at b.invoke (/home/braceskabane/.vscode-server/bin/b380da4ef1ee00e224a15c1d4d9793e27c2b6302/out/vs/workbench/api/node/extensionHostProcess.js:63:145)
	at deliver (/home/braceskabane/.vscode-server/bin/b380da4ef1ee00e224a15c1d4d9793e27c2b6302/out/vs/workbench/api/node/extensionHostProcess.js:63:2121)
	at n.fire (/home/braceskabane/.vscode-server/bin/b380da4ef1ee00e224a15c1d4d9793e27c2b6302/out/vs/workbench/api/node/extensionHostProcess.js:63:1729)
	at Object.m [as dispose] (/home/braceskabane/.vscode-server/bin/b380da4ef1ee00e224a15c1d4d9793e27c2b6302/extensions/git/dist/main.js:2:1276093)
	at /home/braceskabane/.vscode-server/bin/b380da4ef1ee00e224a15c1d4d9793e27c2b6302/extensions/git/dist/main.js:2:1280594
	at Array.forEach (<anonymous>)
	at g.dispose (/home/braceskabane/.vscode-server/bin/b380da4ef1ee00e224a15c1d4d9793e27c2b6302/extensions/git/dist/main.js:2:1280580)
	at r.<anonymous> (/home/braceskabane/.vscode-server/bin/b380da4ef1ee00e224a15c1d4d9793e27c2b6302/out/vs/workbench/api/node/extensionHostProcess.js:98:12552)
	at r.dispose (/home/braceskabane/.vscode-server/bin/b380da4ef1ee00e224a15c1d4d9793e27c2b6302/out/vs/workbench/api/node/extensionHostProcess.js:98:12687)
	at r.<anonymous> (/home/braceskabane/.vscode-server/bin/b380da4ef1ee00e224a15c1d4d9793e27c2b6302/extensions/git/dist/main.js:2:1263390)
	at r.dispose (/home/braceskabane/.vscode-server/bin/b380da4ef1ee00e224a15c1d4d9793e27c2b6302/out/vs/workbench/api/node/extensionHostProcess.js:98:12687)
	at I (/home/braceskabane/.vscode-server/bin/b380da4ef1ee00e224a15c1d4d9793e27c2b6302/out/vs/workbench/api/node/extensionHostProcess.js:10:12083)
	at n.Z (/home/braceskabane/.vscode-server/bin/b380da4ef1ee00e224a15c1d4d9793e27c2b6302/out/vs/workbench/api/node/extensionHostProcess.js:114:11285)
	at /home/braceskabane/.vscode-server/bin/b380da4ef1ee00e224a15c1d4d9793e27c2b6302/out/vs/workbench/api/node/extensionHostProcess.js:114:9187
	at Array.map (<anonymous>)
	at n.S (/home/braceskabane/.vscode-server/bin/b380da4ef1ee00e224a15c1d4d9793e27c2b6302/out/vs/workbench/api/node/extensionHostProcess.js:114:9175)
	at n.terminate (/home/braceskabane/.vscode-server/bin/b380da4ef1ee00e224a15c1d4d9793e27c2b6302/out/vs/workbench/api/node/extensionHostProcess.js:114:9445)
	at h.terminate (/home/braceskabane/.vscode-server/bin/b380da4ef1ee00e224a15c1d4d9793e27c2b6302/out/vs/workbench/api/node/extensionHostProcess.js:118:1544)
	at p (/home/braceskabane/.vscode-server/bin/b380da4ef1ee00e224a15c1d4d9793e27c2b6302/out/vs/workbench/api/node/extensionHostProcess.js:128:34497)
	at /home/braceskabane/.vscode-server/bin/b380da4ef1ee00e224a15c1d4d9793e27c2b6302/out/vs/workbench/api/node/extensionHostProcess.js:128:32407
	at b.invoke (/home/braceskabane/.vscode-server/bin/b380da4ef1ee00e224a15c1d4d9793e27c2b6302/out/vs/workbench/api/node/extensionHostProcess.js:63:145)
	at deliver (/home/braceskabane/.vscode-server/bin/b380da4ef1ee00e224a15c1d4d9793e27c2b6302/out/vs/workbench/api/node/extensionHostProcess.js:63:2121)
	at n.fire (/home/braceskabane/.vscode-server/bin/b380da4ef1ee00e224a15c1d4d9793e27c2b6302/out/vs/workbench/api/node/extensionHostProcess.js:63:1729)
	at p.fire (/home/braceskabane/.vscode-server/bin/b380da4ef1ee00e224a15c1d4d9793e27c2b6302/out/vs/workbench/api/node/extensionHostProcess.js:73:14783)
	at D.E (/home/braceskabane/.vscode-server/bin/b380da4ef1ee00e224a15c1d4d9793e27c2b6302/out/vs/workbench/api/node/extensionHostProcess.js:73:18830)
	at /home/braceskabane/.vscode-server/bin/b380da4ef1ee00e224a15c1d4d9793e27c2b6302/out/vs/workbench/api/node/extensionHostProcess.js:73:16818
	at b.invoke (/home/braceskabane/.vscode-server/bin/b380da4ef1ee00e224a15c1d4d9793e27c2b6302/out/vs/workbench/api/node/extensionHostProcess.js:63:145)
	at deliver (/home/braceskabane/.vscode-server/bin/b380da4ef1ee00e224a15c1d4d9793e27c2b6302/out/vs/workbench/api/node/extensionHostProcess.js:63:2121)
	at n.fire (/home/braceskabane/.vscode-server/bin/b380da4ef1ee00e224a15c1d4d9793e27c2b6302/out/vs/workbench/api/node/extensionHostProcess.js:63:1729)
	at h.acceptChunk (/home/braceskabane/.vscode-server/bin/b380da4ef1ee00e224a15c1d4d9793e27c2b6302/out/vs/workbench/api/node/extensionHostProcess.js:73:12514)
	at /home/braceskabane/.vscode-server/bin/b380da4ef1ee00e224a15c1d4d9793e27c2b6302/out/vs/workbench/api/node/extensionHostProcess.js:73:11801
	at b.invoke (/home/braceskabane/.vscode-server/bin/b380da4ef1ee00e224a15c1d4d9793e27c2b6302/out/vs/workbench/api/node/extensionHostProcess.js:63:145)
	at deliver (/home/braceskabane/.vscode-server/bin/b380da4ef1ee00e224a15c1d4d9793e27c2b6302/out/vs/workbench/api/node/extensionHostProcess.js:63:2121)
	at n.fire (/home/braceskabane/.vscode-server/bin/b380da4ef1ee00e224a15c1d4d9793e27c2b6302/out/vs/workbench/api/node/extensionHostProcess.js:63:1729)
	at E.u (/home/braceskabane/.vscode-server/bin/b380da4ef1ee00e224a15c1d4d9793e27c2b6302/out/vs/workbench/api/node/extensionHostProcess.js:128:20037)
	at E.acceptFrame (/home/braceskabane/.vscode-server/bin/b380da4ef1ee00e224a15c1d4d9793e27c2b6302/out/vs/workbench/api/node/extensionHostProcess.js:128:19843)
	at d.l (/home/braceskabane/.vscode-server/bin/b380da4ef1ee00e224a15c1d4d9793e27c2b6302/out/vs/workbench/api/node/extensionHostProcess.js:128:18436)
	at /home/braceskabane/.vscode-server/bin/b380da4ef1ee00e224a15c1d4d9793e27c2b6302/out/vs/workbench/api/node/extensionHostProcess.js:128:15773
	at Socket.i (/home/braceskabane/.vscode-server/bin/b380da4ef1ee00e224a15c1d4d9793e27c2b6302/out/vs/workbench/api/node/extensionHostProcess.js:128:13607)
	at Socket.emit (node:events:513:28)
	at addChunk (node:internal/streams/readable:315:12)
	at readableAddChunk (node:internal/streams/readable:289:9)
	at Socket.Readable.push (node:internal/streams/readable:228:10)
	at TCP.onStreamRead (node:internal/stream_base_commons:190:23) setContext undefined
2024-10-04 04:46:59.926 [info] Extension host with pid 442 exiting with code 0
