2024-10-03 13:48:06.195 [info] Log level: Info
2024-10-03 13:48:06.195 [info] Validating found git in: "git"
2024-10-03 13:48:06.195 [info] Using git "2.43.0" from "git"
2024-10-03 13:48:06.195 [info] > git rev-parse --show-toplevel [27ms]
2024-10-03 13:48:06.214 [info] > git rev-parse --git-dir --git-common-dir [19ms]
2024-10-03 13:48:06.221 [info] Open repository: /home/braceskabane/proposal
2024-10-03 13:48:06.229 [info] > git rev-parse --show-toplevel [4ms]
2024-10-03 13:48:06.234 [info] > git config --get commit.template [4ms]
2024-10-03 13:48:06.235 [info] > git rev-parse --show-toplevel [3ms]
2024-10-03 13:48:06.243 [info] > git rev-parse --show-toplevel [5ms]
2024-10-03 13:48:06.248 [info] > git rev-parse --show-toplevel [0ms]
2024-10-03 13:48:06.251 [info] > git for-each-ref --format=%(refname)%00%(upstream:short)%00%(objectname)%00%(upstream:track)%00%(upstream:remotename)%00%(upstream:remoteref) refs/heads/main refs/remotes/main [9ms]
2024-10-03 13:48:06.258 [info] > git rev-parse --show-toplevel [7ms]
2024-10-03 13:48:06.261 [info] > git rev-parse --show-toplevel [1ms]
2024-10-03 13:48:06.269 [info] > git status -z -uall --find-renames=50% [14ms]
2024-10-03 13:48:06.280 [info] > git config --get commit.template [4ms]
2024-10-03 13:48:06.281 [info] > git for-each-ref --format=%(refname)%00%(upstream:short)%00%(objectname)%00%(upstream:track)%00%(upstream:remotename)%00%(upstream:remoteref) refs/heads/main refs/remotes/main [2ms]
2024-10-03 13:48:06.286 [info] > git status -z -uall --find-renames=50% [3ms]
2024-10-03 13:48:06.764 [info] > git check-ignore -v -z --stdin [2ms]
2024-10-03 13:48:07.738 [info] > git show --textconv :main.tex [70ms]
2024-10-03 13:48:07.738 [info] > git ls-files --stage -- /home/braceskabane/proposal/main.tex [65ms]
2024-10-03 13:48:07.757 [info] > git cat-file -s 5080748170742dec3aea18e79fb5b479a941898a [15ms]
2024-10-03 13:48:16.034 [info] > git check-ignore -v -z --stdin [1ms]
2024-10-03 13:48:16.988 [info] > git check-ignore -v -z --stdin [0ms]
2024-10-03 13:48:17.438 [info] > git config --get commit.template [19ms]
2024-10-03 13:48:17.439 [info] > git for-each-ref --format=%(refname)%00%(upstream:short)%00%(objectname)%00%(upstream:track)%00%(upstream:remotename)%00%(upstream:remoteref) refs/heads/main refs/remotes/main [11ms]
2024-10-03 13:48:17.446 [info] > git status -z -uall --find-renames=50% [2ms]
2024-10-03 13:48:19.206 [info] > git check-ignore -v -z --stdin [1ms]
2024-10-03 13:48:24.576 [info] > git config --get commit.template [2ms]
2024-10-03 13:48:24.587 [info] > git for-each-ref --format=%(refname)%00%(upstream:short)%00%(objectname)%00%(upstream:track)%00%(upstream:remotename)%00%(upstream:remoteref) refs/heads/main refs/remotes/main [2ms]
2024-10-03 13:48:24.601 [info] > git status -z -uall --find-renames=50% [3ms]
2024-10-03 13:49:03.257 [info] > git check-ignore -v -z --stdin [3ms]
2024-10-03 13:49:32.967 [info] > git show --textconv :lainnya/abstrak-en.tex [27ms]
2024-10-03 13:49:32.967 [info] > git ls-files --stage -- /home/braceskabane/proposal/lainnya/abstrak-en.tex [19ms]
2024-10-03 13:49:32.977 [info] > git cat-file -s 2a2d7bbcd74c419a4a066dbda1e0142fdfce8585 [1ms]
2024-10-03 13:49:34.125 [info] > git show --textconv :lainnya/abstrak.tex [12ms]
2024-10-03 13:49:34.126 [info] > git ls-files --stage -- /home/braceskabane/proposal/lainnya/abstrak.tex [7ms]
2024-10-03 13:49:34.133 [info] > git cat-file -s 5965acad01331b569ad0868a9c8053821e03c91d [2ms]
2024-10-03 13:49:35.649 [info] > git show --textconv :lainnya/lembar-pengesahan-en.tex [7ms]
2024-10-03 13:49:35.650 [info] > git ls-files --stage -- /home/braceskabane/proposal/lainnya/lembar-pengesahan-en.tex [2ms]
2024-10-03 13:49:35.656 [info] > git cat-file -s bff5ea0d9e144e23a17babce3d52b6e129e2f454 [1ms]
2024-10-03 13:49:36.532 [info] > git show --textconv :lainnya/lembar-pengesahan.tex [6ms]
2024-10-03 13:49:36.533 [info] > git ls-files --stage -- /home/braceskabane/proposal/lainnya/lembar-pengesahan.tex [2ms]
2024-10-03 13:49:36.539 [info] > git cat-file -s 852f603e5b567ac5d18354796e8f6973c01c1247 [1ms]
2024-10-03 13:49:37.490 [info] > git show --textconv :sampul/konten-en.tex [13ms]
2024-10-03 13:49:37.490 [info] > git ls-files --stage -- /home/braceskabane/proposal/sampul/konten-en.tex [8ms]
2024-10-03 13:49:37.497 [info] > git cat-file -s 0aaf5e0acd50dfcb216865abcb8004786d08f42f [1ms]
2024-10-03 13:49:39.312 [info] > git show --textconv :sampul/konten-id.tex [19ms]
2024-10-03 13:49:39.313 [info] > git ls-files --stage -- /home/braceskabane/proposal/sampul/konten-id.tex [9ms]
2024-10-03 13:49:39.334 [info] > git cat-file -s 5af154f53af364359d08796a977a456fbd83ebdd [12ms]
2024-10-03 13:49:40.327 [info] > git config --get commit.template [2ms]
2024-10-03 13:49:40.335 [info] > git for-each-ref --format=%(refname)%00%(upstream:short)%00%(objectname)%00%(upstream:track)%00%(upstream:remotename)%00%(upstream:remoteref) refs/heads/main refs/remotes/main [0ms]
2024-10-03 13:49:40.343 [info] > git status -z -uall --find-renames=50% [2ms]
2024-10-03 13:49:45.362 [info] > git config --get commit.template [3ms]
2024-10-03 13:49:45.371 [info] > git for-each-ref --format=%(refname)%00%(upstream:short)%00%(objectname)%00%(upstream:track)%00%(upstream:remotename)%00%(upstream:remoteref) refs/heads/main refs/remotes/main [0ms]
2024-10-03 13:49:45.380 [info] > git status -z -uall --find-renames=50% [3ms]
2024-10-03 13:49:57.096 [info] > git check-ignore -v -z --stdin [1ms]
2024-10-03 13:51:03.663 [info] > git config --get commit.template [10ms]
2024-10-03 13:51:03.663 [info] > git for-each-ref --format=%(refname)%00%(upstream:short)%00%(objectname)%00%(upstream:track)%00%(upstream:remotename)%00%(upstream:remoteref) refs/heads/main refs/remotes/main [2ms]
2024-10-03 13:51:03.675 [info] > git status -z -uall --find-renames=50% [4ms]
2024-10-03 13:54:13.131 [info] > git config --get commit.template [2ms]
2024-10-03 13:54:13.143 [info] > git for-each-ref --format=%(refname)%00%(upstream:short)%00%(objectname)%00%(upstream:track)%00%(upstream:remotename)%00%(upstream:remoteref) refs/heads/main refs/remotes/main [1ms]
2024-10-03 13:54:13.154 [info] > git status -z -uall --find-renames=50% [3ms]
2024-10-03 13:55:32.435 [info] > git config --get commit.template [1ms]
2024-10-03 13:55:32.440 [info] > git for-each-ref --format=%(refname)%00%(upstream:short)%00%(objectname)%00%(upstream:track)%00%(upstream:remotename)%00%(upstream:remoteref) refs/heads/main refs/remotes/main [1ms]
2024-10-03 13:55:32.447 [info] > git status -z -uall --find-renames=50% [2ms]
2024-10-03 13:57:17.921 [info] > git config --get commit.template [2ms]
2024-10-03 13:57:17.929 [info] > git for-each-ref --format=%(refname)%00%(upstream:short)%00%(objectname)%00%(upstream:track)%00%(upstream:remotename)%00%(upstream:remoteref) refs/heads/main refs/remotes/main [1ms]
2024-10-03 13:57:17.936 [info] > git status -z -uall --find-renames=50% [2ms]
2024-10-03 13:57:45.586 [info] > git check-ignore -v -z --stdin [2ms]
2024-10-03 13:57:49.697 [info] > git show --textconv :lainnya/lembar-pengesahan-en.tex [8ms]
2024-10-03 13:57:49.698 [info] > git ls-files --stage -- /home/braceskabane/proposal/lainnya/lembar-pengesahan-en.tex [2ms]
2024-10-03 13:57:49.705 [info] > git cat-file -s bff5ea0d9e144e23a17babce3d52b6e129e2f454 [1ms]
2024-10-03 13:58:17.415 [info] > git config --get commit.template [2ms]
2024-10-03 13:58:17.423 [info] > git for-each-ref --format=%(refname)%00%(upstream:short)%00%(objectname)%00%(upstream:track)%00%(upstream:remotename)%00%(upstream:remoteref) refs/heads/main refs/remotes/main [1ms]
2024-10-03 13:58:17.430 [info] > git status -z -uall --find-renames=50% [2ms]
2024-10-03 13:58:48.659 [info] > git check-ignore -v -z --stdin [1ms]
2024-10-03 13:59:09.675 [info] > git config --get commit.template [1ms]
2024-10-03 13:59:09.681 [info] > git for-each-ref --format=%(refname)%00%(upstream:short)%00%(objectname)%00%(upstream:track)%00%(upstream:remotename)%00%(upstream:remoteref) refs/heads/main refs/remotes/main [1ms]
2024-10-03 13:59:09.688 [info] > git status -z -uall --find-renames=50% [2ms]
2024-10-03 13:59:57.529 [info] > git show --textconv :lainnya/lembar-pengesahan.tex [12ms]
2024-10-03 13:59:57.530 [info] > git ls-files --stage -- /home/braceskabane/proposal/lainnya/lembar-pengesahan.tex [4ms]
2024-10-03 13:59:57.540 [info] > git cat-file -s 852f603e5b567ac5d18354796e8f6973c01c1247 [2ms]
2024-10-03 14:00:08.845 [info] > git config --get commit.template [1ms]
2024-10-03 14:00:08.852 [info] > git for-each-ref --format=%(refname)%00%(upstream:short)%00%(objectname)%00%(upstream:track)%00%(upstream:remotename)%00%(upstream:remoteref) refs/heads/main refs/remotes/main [1ms]
2024-10-03 14:00:08.861 [info] > git status -z -uall --find-renames=50% [3ms]
2024-10-03 14:00:23.000 [info] > git show --textconv :main.tex [6ms]
2024-10-03 14:00:23.001 [info] > git ls-files --stage -- /home/braceskabane/proposal/main.tex [1ms]
2024-10-03 14:00:23.007 [info] > git cat-file -s 5080748170742dec3aea18e79fb5b479a941898a [1ms]
2024-10-03 14:00:41.541 [info] > git show --textconv :sampul/sampul-luar.tex [11ms]
2024-10-03 14:00:41.542 [info] > git ls-files --stage -- /home/braceskabane/proposal/sampul/sampul-luar.tex [2ms]
2024-10-03 14:00:41.548 [info] > git cat-file -s 50bf6fb4aea52a7eb6214fd8bc9152ecc08e6283 [0ms]
2024-10-03 14:00:50.859 [info] > git show --textconv :sampul/sampul-luar.tex [12ms]
2024-10-03 14:00:50.859 [info] > git ls-files --stage -- /home/braceskabane/proposal/sampul/sampul-luar.tex [4ms]
2024-10-03 14:00:50.867 [info] > git cat-file -s 50bf6fb4aea52a7eb6214fd8bc9152ecc08e6283 [1ms]
2024-10-03 14:01:04.120 [info] > git show --textconv :main.tex [8ms]
2024-10-03 14:01:04.121 [info] > git ls-files --stage -- /home/braceskabane/proposal/main.tex [2ms]
2024-10-03 14:01:04.128 [info] > git cat-file -s 5080748170742dec3aea18e79fb5b479a941898a [1ms]
2024-10-03 14:01:23.222 [info] > git show --textconv :lainnya/abstrak-en.tex [11ms]
2024-10-03 14:01:23.222 [info] > git ls-files --stage -- /home/braceskabane/proposal/lainnya/abstrak-en.tex [2ms]
2024-10-03 14:01:23.230 [info] > git cat-file -s 2a2d7bbcd74c419a4a066dbda1e0142fdfce8585 [2ms]
2024-10-03 14:01:47.702 [info] > git config --get commit.template [1ms]
2024-10-03 14:01:47.711 [info] > git for-each-ref --format=%(refname)%00%(upstream:short)%00%(objectname)%00%(upstream:track)%00%(upstream:remotename)%00%(upstream:remoteref) refs/heads/main refs/remotes/main [2ms]
2024-10-03 14:01:47.721 [info] > git status -z -uall --find-renames=50% [4ms]
2024-10-03 14:02:18.704 [info] > git config --get commit.template [8ms]
2024-10-03 14:02:18.704 [info] > git for-each-ref --format=%(refname)%00%(upstream:short)%00%(objectname)%00%(upstream:track)%00%(upstream:remotename)%00%(upstream:remoteref) refs/heads/main refs/remotes/main [1ms]
2024-10-03 14:02:18.711 [info] > git status -z -uall --find-renames=50% [2ms]
2024-10-03 14:02:27.545 [info] > git show --textconv :sampul/konten-en.tex [7ms]
2024-10-03 14:02:27.546 [info] > git ls-files --stage -- /home/braceskabane/proposal/sampul/konten-en.tex [2ms]
2024-10-03 14:02:27.552 [info] > git cat-file -s 0aaf5e0acd50dfcb216865abcb8004786d08f42f [1ms]
2024-10-03 14:02:30.197 [info] > git show --textconv :sampul/sampul-luar.tex [9ms]
2024-10-03 14:02:30.198 [info] > git ls-files --stage -- /home/braceskabane/proposal/sampul/sampul-luar.tex [2ms]
2024-10-03 14:02:30.205 [info] > git cat-file -s 50bf6fb4aea52a7eb6214fd8bc9152ecc08e6283 [1ms]
2024-10-03 14:02:33.231 [info] > git show --textconv :sampul/konten-en.tex [12ms]
2024-10-03 14:02:33.231 [info] > git ls-files --stage -- /home/braceskabane/proposal/sampul/konten-en.tex [1ms]
2024-10-03 14:02:33.239 [info] > git cat-file -s 0aaf5e0acd50dfcb216865abcb8004786d08f42f [1ms]
2024-10-03 14:02:41.261 [info] > git config --get commit.template [1ms]
2024-10-03 14:02:41.272 [info] > git for-each-ref --format=%(refname)%00%(upstream:short)%00%(objectname)%00%(upstream:track)%00%(upstream:remotename)%00%(upstream:remoteref) refs/heads/main refs/remotes/main [2ms]
2024-10-03 14:02:41.281 [info] > git status -z -uall --find-renames=50% [3ms]
2024-10-03 14:02:46.304 [info] > git config --get commit.template [9ms]
2024-10-03 14:02:46.304 [info] > git for-each-ref --format=%(refname)%00%(upstream:short)%00%(objectname)%00%(upstream:track)%00%(upstream:remotename)%00%(upstream:remoteref) refs/heads/main refs/remotes/main [1ms]
2024-10-03 14:02:46.314 [info] > git status -z -uall --find-renames=50% [3ms]
2024-10-03 14:02:49.406 [info] > git show --textconv :lainnya/lembar-pengesahan-en.tex [7ms]
2024-10-03 14:02:49.407 [info] > git ls-files --stage -- /home/braceskabane/proposal/lainnya/lembar-pengesahan-en.tex [2ms]
2024-10-03 14:02:49.415 [info] > git cat-file -s bff5ea0d9e144e23a17babce3d52b6e129e2f454 [1ms]
2024-10-03 14:03:03.190 [info] > git show --textconv :lainnya/abstrak.tex [12ms]
2024-10-03 14:03:03.190 [info] > git ls-files --stage -- /home/braceskabane/proposal/lainnya/abstrak.tex [1ms]
2024-10-03 14:03:03.200 [info] > git cat-file -s 5965acad01331b569ad0868a9c8053821e03c91d [1ms]
2024-10-03 14:03:28.139 [info] > git config --get commit.template [8ms]
2024-10-03 14:03:28.140 [info] > git for-each-ref --format=%(refname)%00%(upstream:short)%00%(objectname)%00%(upstream:track)%00%(upstream:remotename)%00%(upstream:remoteref) refs/heads/main refs/remotes/main [1ms]
2024-10-03 14:03:28.150 [info] > git status -z -uall --find-renames=50% [4ms]
2024-10-03 14:04:09.260 [info] > git config --get commit.template [5ms]
2024-10-03 14:04:09.261 [info] > git for-each-ref --format=%(refname)%00%(upstream:short)%00%(objectname)%00%(upstream:track)%00%(upstream:remotename)%00%(upstream:remoteref) refs/heads/main refs/remotes/main [1ms]
2024-10-03 14:04:09.274 [info] > git status -z -uall --find-renames=50% [5ms]
