2024-10-04 12:43:32.072 [info] Log level: Info
2024-10-04 12:43:32.072 [info] Validating found git in: "git"
2024-10-04 12:43:32.072 [info] Using git "" from "git"
2024-10-04 12:43:32.072 [info] > git rev-parse --show-toplevel [85ms]
2024-10-04 12:43:32.079 [info] > git rev-parse --git-dir --git-common-dir [58ms]
2024-10-04 12:43:32.090 [info] Open repository: /home/braceskabane/proposal
2024-10-04 12:43:32.114 [info] > git rev-parse --show-toplevel [16ms]
2024-10-04 12:43:32.130 [info] > git rev-parse --show-toplevel [11ms]
2024-10-04 12:43:32.140 [info] > git config --get commit.template [33ms]
2024-10-04 12:43:32.147 [info] > git rev-parse --show-toplevel [9ms]
2024-10-04 12:43:32.167 [info] > git rev-parse --show-toplevel [10ms]
2024-10-04 12:43:32.176 [info] > git for-each-ref --format=%(refname)%00%(upstream:short)%00%(objectname)%00%(upstream:track)%00%(upstream:remotename)%00%(upstream:remoteref) refs/heads/main refs/remotes/main [12ms]
2024-10-04 12:43:32.190 [info] > git rev-parse --show-toplevel [14ms]
2024-10-04 12:43:32.201 [info] > git status -z -uall --find-renames=50% [14ms]
2024-10-04 12:43:32.201 [info] > git rev-parse --show-toplevel [2ms]
2024-10-04 12:43:32.250 [info] > git rev-parse --show-toplevel [36ms]
2024-10-04 12:43:32.265 [info] > git config --get commit.template [28ms]
2024-10-04 12:43:32.282 [info] > git for-each-ref --format=%(refname)%00%(upstream:short)%00%(objectname)%00%(upstream:track)%00%(upstream:remotename)%00%(upstream:remoteref) refs/heads/main refs/remotes/main [6ms]
2024-10-04 12:43:32.299 [info] > git status -z -uall --find-renames=50% [7ms]
2024-10-04 12:43:32.787 [info] > git check-ignore -v -z --stdin [10ms]
2024-10-04 12:43:32.856 [info] > git show --textconv :konten/1-pendahuluan.tex [13ms]
2024-10-04 12:43:32.857 [info] > git ls-files --stage -- /home/braceskabane/proposal/konten/1-pendahuluan.tex [3ms]
2024-10-04 12:43:32.877 [info] > git cat-file -s d63e1f45632f6fd13167b30b78ece6f715c14bdb [5ms]
2024-10-04 12:44:15.513 [info] > git check-ignore -v -z --stdin [2ms]
2024-10-04 12:44:16.860 [info] > git config --get commit.template [1ms]
2024-10-04 12:44:16.869 [info] > git for-each-ref --format=%(refname)%00%(upstream:short)%00%(objectname)%00%(upstream:track)%00%(upstream:remotename)%00%(upstream:remoteref) refs/heads/main refs/remotes/main [1ms]
2024-10-04 12:44:16.879 [info] > git status -z -uall --find-renames=50% [2ms]
2024-10-04 12:45:14.538 [info] > git config --get commit.template [1ms]
2024-10-04 12:45:14.547 [info] > git for-each-ref --format=%(refname)%00%(upstream:short)%00%(objectname)%00%(upstream:track)%00%(upstream:remotename)%00%(upstream:remoteref) refs/heads/main refs/remotes/main [1ms]
2024-10-04 12:45:14.558 [info] > git status -z -uall --find-renames=50% [3ms]
2024-10-04 12:45:26.671 [info] > git config --get commit.template [13ms]
2024-10-04 12:45:26.672 [info] > git for-each-ref --format=%(refname)%00%(upstream:short)%00%(objectname)%00%(upstream:track)%00%(upstream:remotename)%00%(upstream:remoteref) refs/heads/main refs/remotes/main [3ms]
2024-10-04 12:45:26.683 [info] > git status -z -uall --find-renames=50% [3ms]
2024-10-04 12:45:42.012 [info] > git config --get commit.template [1ms]
2024-10-04 12:45:42.020 [info] > git for-each-ref --format=%(refname)%00%(upstream:short)%00%(objectname)%00%(upstream:track)%00%(upstream:remotename)%00%(upstream:remoteref) refs/heads/main refs/remotes/main [1ms]
2024-10-04 12:45:42.030 [info] > git status -z -uall --find-renames=50% [3ms]
2024-10-04 12:45:50.181 [info] > git config --get commit.template [9ms]
2024-10-04 12:45:50.182 [info] > git for-each-ref --format=%(refname)%00%(upstream:short)%00%(objectname)%00%(upstream:track)%00%(upstream:remotename)%00%(upstream:remoteref) refs/heads/main refs/remotes/main [2ms]
2024-10-04 12:45:50.191 [info] > git status -z -uall --find-renames=50% [2ms]
2024-10-04 12:46:03.327 [info] > git config --get commit.template [2ms]
2024-10-04 12:46:03.341 [info] > git for-each-ref --format=%(refname)%00%(upstream:short)%00%(objectname)%00%(upstream:track)%00%(upstream:remotename)%00%(upstream:remoteref) refs/heads/main refs/remotes/main [2ms]
2024-10-04 12:46:03.357 [info] > git status -z -uall --find-renames=50% [3ms]
2024-10-04 12:46:44.212 [info] > git config --get commit.template [1ms]
2024-10-04 12:46:44.224 [info] > git for-each-ref --format=%(refname)%00%(upstream:short)%00%(objectname)%00%(upstream:track)%00%(upstream:remotename)%00%(upstream:remoteref) refs/heads/main refs/remotes/main [2ms]
2024-10-04 12:46:44.238 [info] > git status -z -uall --find-renames=50% [4ms]
2024-10-04 12:47:40.419 [info] > git config --get commit.template [1ms]
2024-10-04 12:47:40.432 [info] > git for-each-ref --format=%(refname)%00%(upstream:short)%00%(objectname)%00%(upstream:track)%00%(upstream:remotename)%00%(upstream:remoteref) refs/heads/main refs/remotes/main [4ms]
2024-10-04 12:47:40.444 [info] > git status -z -uall --find-renames=50% [4ms]
2024-10-04 12:47:51.983 [info] > git config --get commit.template [1ms]
2024-10-04 12:47:51.990 [info] > git for-each-ref --format=%(refname)%00%(upstream:short)%00%(objectname)%00%(upstream:track)%00%(upstream:remotename)%00%(upstream:remoteref) refs/heads/main refs/remotes/main [1ms]
2024-10-04 12:47:52.000 [info] > git status -z -uall --find-renames=50% [2ms]
2024-10-04 12:48:28.489 [info] > git config --get commit.template [1ms]
2024-10-04 12:48:28.499 [info] > git for-each-ref --format=%(refname)%00%(upstream:short)%00%(objectname)%00%(upstream:track)%00%(upstream:remotename)%00%(upstream:remoteref) refs/heads/main refs/remotes/main [1ms]
2024-10-04 12:48:28.511 [info] > git status -z -uall --find-renames=50% [3ms]
2024-10-04 12:49:28.714 [info] > git check-ignore -v -z --stdin [1ms]
2024-10-04 12:50:09.759 [info] > git config --get commit.template [1ms]
2024-10-04 12:50:09.776 [info] > git for-each-ref --format=%(refname)%00%(upstream:short)%00%(objectname)%00%(upstream:track)%00%(upstream:remotename)%00%(upstream:remoteref) refs/heads/main refs/remotes/main [2ms]
2024-10-04 12:50:09.792 [info] > git status -z -uall --find-renames=50% [5ms]
2024-10-04 12:53:12.302 [info] > git config --get commit.template [12ms]
2024-10-04 12:53:12.303 [info] > git for-each-ref --format=%(refname)%00%(upstream:short)%00%(objectname)%00%(upstream:track)%00%(upstream:remotename)%00%(upstream:remoteref) refs/heads/main refs/remotes/main [3ms]
2024-10-04 12:53:12.314 [info] > git status -z -uall --find-renames=50% [3ms]
2024-10-04 12:53:21.267 [info] > git config --get commit.template [1ms]
2024-10-04 12:53:21.278 [info] > git for-each-ref --format=%(refname)%00%(upstream:short)%00%(objectname)%00%(upstream:track)%00%(upstream:remotename)%00%(upstream:remoteref) refs/heads/main refs/remotes/main [1ms]
2024-10-04 12:53:21.288 [info] > git status -z -uall --find-renames=50% [3ms]
2024-10-04 12:54:11.153 [info] > git config --get commit.template [2ms]
2024-10-04 12:54:11.169 [info] > git for-each-ref --format=%(refname)%00%(upstream:short)%00%(objectname)%00%(upstream:track)%00%(upstream:remotename)%00%(upstream:remoteref) refs/heads/main refs/remotes/main [2ms]
2024-10-04 12:54:11.188 [info] > git status -z -uall --find-renames=50% [5ms]
2024-10-04 13:00:35.052 [info] > git check-ignore -v -z --stdin [2ms]
2024-10-04 13:00:35.663 [info] > git show --textconv :sampul/konten-en.tex [10ms]
2024-10-04 13:00:35.664 [info] > git ls-files --stage -- /home/braceskabane/proposal/sampul/konten-en.tex [3ms]
2024-10-04 13:00:35.672 [info] > git cat-file -s 0aaf5e0acd50dfcb216865abcb8004786d08f42f [1ms]
2024-10-04 13:00:48.939 [info] > git show --textconv :sampul/konten-id.tex [8ms]
2024-10-04 13:00:48.939 [info] > git ls-files --stage -- /home/braceskabane/proposal/sampul/konten-id.tex [1ms]
2024-10-04 13:00:48.948 [info] > git cat-file -s 5af154f53af364359d08796a977a456fbd83ebdd [1ms]
2024-10-04 13:00:59.619 [info] > git config --get commit.template [2ms]
2024-10-04 13:00:59.628 [info] > git for-each-ref --format=%(refname)%00%(upstream:short)%00%(objectname)%00%(upstream:track)%00%(upstream:remotename)%00%(upstream:remoteref) refs/heads/main refs/remotes/main [1ms]
2024-10-04 13:00:59.636 [info] > git status -z -uall --find-renames=50% [2ms]
2024-10-04 13:02:32.300 [info] > git check-ignore -v -z --stdin [1ms]
2024-10-04 13:02:33.251 [info] > git show --textconv :lainnya/lembar-pengesahan-en.tex [9ms]
2024-10-04 13:02:33.252 [info] > git ls-files --stage -- /home/braceskabane/proposal/lainnya/lembar-pengesahan-en.tex [2ms]
2024-10-04 13:02:33.259 [info] > git cat-file -s bff5ea0d9e144e23a17babce3d52b6e129e2f454 [1ms]
2024-10-04 13:02:44.579 [info] > git show --textconv :lainnya/lembar-pengesahan.tex [7ms]
2024-10-04 13:02:44.579 [info] > git ls-files --stage -- /home/braceskabane/proposal/lainnya/lembar-pengesahan.tex [1ms]
2024-10-04 13:02:44.588 [info] > git cat-file -s 852f603e5b567ac5d18354796e8f6973c01c1247 [1ms]
2024-10-04 13:03:12.873 [info] > git show --textconv :lainnya/abstrak.tex [6ms]
2024-10-04 13:03:12.875 [info] > git ls-files --stage -- /home/braceskabane/proposal/lainnya/abstrak.tex [3ms]
2024-10-04 13:03:12.881 [info] > git cat-file -s 5965acad01331b569ad0868a9c8053821e03c91d [1ms]
2024-10-04 13:03:46.056 [info] > git show --textconv :lainnya/lembar-pengesahan-en.tex [11ms]
2024-10-04 13:03:46.056 [info] > git ls-files --stage -- /home/braceskabane/proposal/lainnya/lembar-pengesahan-en.tex [2ms]
2024-10-04 13:03:46.067 [info] > git cat-file -s bff5ea0d9e144e23a17babce3d52b6e129e2f454 [2ms]
2024-10-04 13:03:47.051 [info] > git config --get commit.template [1ms]
2024-10-04 13:03:47.064 [info] > git for-each-ref --format=%(refname)%00%(upstream:short)%00%(objectname)%00%(upstream:track)%00%(upstream:remotename)%00%(upstream:remoteref) refs/heads/main refs/remotes/main [1ms]
2024-10-04 13:03:47.080 [info] > git status -z -uall --find-renames=50% [5ms]
2024-10-04 13:04:38.783 [info] > git config --get commit.template [10ms]
2024-10-04 13:04:38.793 [info] > git for-each-ref --format=%(refname)%00%(upstream:short)%00%(objectname)%00%(upstream:track)%00%(upstream:remotename)%00%(upstream:remoteref) refs/heads/main refs/remotes/main [2ms]
2024-10-04 13:04:38.802 [info] > git status -z -uall --find-renames=50% [2ms]
2024-10-04 13:04:45.731 [info] > git config --get commit.template [4ms]
2024-10-04 13:04:45.740 [info] > git for-each-ref --format=%(refname)%00%(upstream:short)%00%(objectname)%00%(upstream:track)%00%(upstream:remotename)%00%(upstream:remoteref) refs/heads/main refs/remotes/main [1ms]
2024-10-04 13:04:45.752 [info] > git status -z -uall --find-renames=50% [4ms]
2024-10-04 13:05:17.923 [info] > git show --textconv :lainnya/abstrak-en.tex [9ms]
2024-10-04 13:05:17.923 [info] > git ls-files --stage -- /home/braceskabane/proposal/lainnya/abstrak-en.tex [1ms]
2024-10-04 13:05:17.931 [info] > git cat-file -s 2a2d7bbcd74c419a4a066dbda1e0142fdfce8585 [1ms]
2024-10-04 13:05:32.808 [info] > git config --get commit.template [1ms]
2024-10-04 13:05:32.816 [info] > git for-each-ref --format=%(refname)%00%(upstream:short)%00%(objectname)%00%(upstream:track)%00%(upstream:remotename)%00%(upstream:remoteref) refs/heads/main refs/remotes/main [1ms]
2024-10-04 13:05:32.825 [info] > git status -z -uall --find-renames=50% [3ms]
2024-10-04 13:08:14.920 [info] > git config --get commit.template [2ms]
2024-10-04 13:08:14.927 [info] > git for-each-ref --format=%(refname)%00%(upstream:short)%00%(objectname)%00%(upstream:track)%00%(upstream:remotename)%00%(upstream:remoteref) refs/heads/main refs/remotes/main [1ms]
2024-10-04 13:08:14.934 [info] > git status -z -uall --find-renames=50% [2ms]
