2024-10-03 17:28:25.635 [info] Log level: Info
2024-10-03 17:28:25.635 [info] Validating found git in: "git"
2024-10-03 17:28:25.635 [info] Using git "2.43.0" from "git"
2024-10-03 17:28:25.635 [info] > git rev-parse --show-toplevel [26ms]
2024-10-03 17:28:25.705 [info] > git rev-parse --git-dir --git-common-dir [75ms]
2024-10-03 17:28:25.712 [info] Open repository: /home/braceskabane/proposal
2024-10-03 17:28:25.735 [info] > git rev-parse --show-toplevel [18ms]
2024-10-03 17:28:25.748 [info] > git rev-parse --show-toplevel [9ms]
2024-10-03 17:28:25.754 [info] > git config --get commit.template [31ms]
2024-10-03 17:28:25.763 [info] > git rev-parse --show-toplevel [10ms]
2024-10-03 17:28:25.786 [info] > git rev-parse --show-toplevel [15ms]
2024-10-03 17:28:25.795 [info] > git rev-parse --show-toplevel [5ms]
2024-10-03 17:28:25.800 [info] > git for-each-ref --format=%(refname)%00%(upstream:short)%00%(objectname)%00%(upstream:track)%00%(upstream:remotename)%00%(upstream:remoteref) refs/heads/main refs/remotes/main [22ms]
2024-10-03 17:28:25.806 [info] > git rev-parse --show-toplevel [7ms]
2024-10-03 17:28:25.812 [info] > git rev-parse --show-toplevel [1ms]
2024-10-03 17:28:25.818 [info] > git status -z -uall --find-renames=50% [12ms]
2024-10-03 17:28:25.834 [info] > git config --get commit.template [4ms]
2024-10-03 17:28:25.840 [info] > git for-each-ref --format=%(refname)%00%(upstream:short)%00%(objectname)%00%(upstream:track)%00%(upstream:remotename)%00%(upstream:remoteref) refs/heads/main refs/remotes/main [0ms]
2024-10-03 17:28:25.860 [info] > git status -z -uall --find-renames=50% [16ms]
2024-10-03 17:28:26.205 [info] > git show --textconv :lainnya/lembar-pengesahan-en.tex [31ms]
2024-10-03 17:28:26.206 [info] > git ls-files --stage -- /home/braceskabane/proposal/lainnya/lembar-pengesahan-en.tex [26ms]
2024-10-03 17:28:26.212 [info] > git cat-file -s bff5ea0d9e144e23a17babce3d52b6e129e2f454 [1ms]
2024-10-03 17:28:26.283 [info] > git check-ignore -v -z --stdin [24ms]
2024-10-03 17:28:59.722 [info] > git show --textconv :sampul/konten-id.tex [10ms]
2024-10-03 17:28:59.724 [info] > git ls-files --stage -- /home/braceskabane/proposal/sampul/konten-id.tex [4ms]
2024-10-03 17:28:59.730 [info] > git cat-file -s 5af154f53af364359d08796a977a456fbd83ebdd [1ms]
2024-10-03 17:29:00.070 [info] > git check-ignore -v -z --stdin [1ms]
2024-10-03 17:29:38.222 [info] > git check-ignore -v -z --stdin [1ms]
2024-10-03 17:29:40.046 [info] > git config --get commit.template [1ms]
2024-10-03 17:29:40.052 [info] > git for-each-ref --format=%(refname)%00%(upstream:short)%00%(objectname)%00%(upstream:track)%00%(upstream:remotename)%00%(upstream:remoteref) refs/heads/main refs/remotes/main [1ms]
2024-10-03 17:29:40.060 [info] > git status -z -uall --find-renames=50% [3ms]
2024-10-03 17:29:51.124 [info] > git config --get commit.template [1ms]
2024-10-03 17:29:51.137 [info] > git for-each-ref --format=%(refname)%00%(upstream:short)%00%(objectname)%00%(upstream:track)%00%(upstream:remotename)%00%(upstream:remoteref) refs/heads/main refs/remotes/main [1ms]
2024-10-03 17:29:51.147 [info] > git status -z -uall --find-renames=50% [3ms]
2024-10-03 19:43:15.994 [info] > git config --get commit.template [35ms]
2024-10-03 19:43:15.998 [info] > git for-each-ref --format=%(refname)%00%(upstream:short)%00%(objectname)%00%(upstream:track)%00%(upstream:remotename)%00%(upstream:remoteref) refs/heads/main refs/remotes/main [7ms]
2024-10-03 19:43:16.042 [info] > git status -z -uall --find-renames=50% [9ms]
2024-10-03 19:43:36.669 [info] > git config --get commit.template [17ms]
2024-10-03 19:43:36.670 [info] > git for-each-ref --format=%(refname)%00%(upstream:short)%00%(objectname)%00%(upstream:track)%00%(upstream:remotename)%00%(upstream:remoteref) refs/heads/main refs/remotes/main [4ms]
2024-10-03 19:43:36.686 [info] > git status -z -uall --find-renames=50% [3ms]
2024-10-03 19:43:50.335 [info] > git check-ignore -v -z --stdin [4ms]
2024-10-03 19:47:16.322 [info] > git check-ignore -v -z --stdin [1ms]
2024-10-03 19:47:17.459 [info] > git show --textconv :konten/1-pendahuluan.tex [17ms]
2024-10-03 19:47:17.462 [info] > git ls-files --stage -- /home/braceskabane/proposal/konten/1-pendahuluan.tex [6ms]
2024-10-03 19:47:17.482 [info] > git cat-file -s d63e1f45632f6fd13167b30b78ece6f715c14bdb [3ms]
2024-10-03 19:47:36.389 [info] > git check-ignore -v -z --stdin [1ms]
2024-10-03 19:47:42.916 [info] > git show --textconv :lainnya/abstrak-en.tex [8ms]
2024-10-03 19:47:42.918 [info] > git ls-files --stage -- /home/braceskabane/proposal/lainnya/abstrak-en.tex [3ms]
2024-10-03 19:47:42.927 [info] > git cat-file -s 2a2d7bbcd74c419a4a066dbda1e0142fdfce8585 [1ms]
2024-10-03 19:47:44.518 [info] > git show --textconv :lainnya/abstrak.tex [9ms]
2024-10-03 19:47:44.519 [info] > git ls-files --stage -- /home/braceskabane/proposal/lainnya/abstrak.tex [2ms]
2024-10-03 19:47:44.528 [info] > git cat-file -s 5965acad01331b569ad0868a9c8053821e03c91d [3ms]
2024-10-03 19:47:51.235 [info] > git show --textconv :lainnya/abstrak.tex [10ms]
2024-10-03 19:47:51.235 [info] > git ls-files --stage -- /home/braceskabane/proposal/lainnya/abstrak.tex [2ms]
2024-10-03 19:47:51.246 [info] > git cat-file -s 5965acad01331b569ad0868a9c8053821e03c91d [1ms]
2024-10-03 19:50:22.258 [info] > git config --get commit.template [8ms]
2024-10-03 19:50:22.258 [info] > git for-each-ref --format=%(refname)%00%(upstream:short)%00%(objectname)%00%(upstream:track)%00%(upstream:remotename)%00%(upstream:remoteref) refs/heads/main refs/remotes/main [2ms]
2024-10-03 19:50:22.267 [info] > git status -z -uall --find-renames=50% [3ms]
2024-10-03 19:51:17.140 [info] > git config --get commit.template [7ms]
2024-10-03 19:51:17.140 [info] > git for-each-ref --format=%(refname)%00%(upstream:short)%00%(objectname)%00%(upstream:track)%00%(upstream:remotename)%00%(upstream:remoteref) refs/heads/main refs/remotes/main [1ms]
2024-10-03 19:51:17.148 [info] > git status -z -uall --find-renames=50% [2ms]
2024-10-03 19:52:21.834 [info] > git show --textconv :lainnya/abstrak-en.tex [14ms]
2024-10-03 19:52:21.836 [info] > git ls-files --stage -- /home/braceskabane/proposal/lainnya/abstrak-en.tex [4ms]
2024-10-03 19:52:21.848 [info] > git cat-file -s 2a2d7bbcd74c419a4a066dbda1e0142fdfce8585 [2ms]
2024-10-03 19:54:22.399 [info] > git config --get commit.template [9ms]
2024-10-03 19:54:22.400 [info] > git for-each-ref --format=%(refname)%00%(upstream:short)%00%(objectname)%00%(upstream:track)%00%(upstream:remotename)%00%(upstream:remoteref) refs/heads/main refs/remotes/main [2ms]
2024-10-03 19:54:22.409 [info] > git status -z -uall --find-renames=50% [3ms]
2024-10-03 19:54:44.530 [info] > git config --get commit.template [2ms]
2024-10-03 19:54:44.539 [info] > git for-each-ref --format=%(refname)%00%(upstream:short)%00%(objectname)%00%(upstream:track)%00%(upstream:remotename)%00%(upstream:remoteref) refs/heads/main refs/remotes/main [1ms]
2024-10-03 19:54:44.549 [info] > git status -z -uall --find-renames=50% [2ms]
2024-10-03 19:54:58.748 [info] > git config --get commit.template [9ms]
2024-10-03 19:54:58.749 [info] > git for-each-ref --format=%(refname)%00%(upstream:short)%00%(objectname)%00%(upstream:track)%00%(upstream:remotename)%00%(upstream:remoteref) refs/heads/main refs/remotes/main [2ms]
2024-10-03 19:54:58.757 [info] > git status -z -uall --find-renames=50% [3ms]
2024-10-03 20:11:51.201 [info] > git show --textconv :lainnya/lembar-pengesahan.tex [9ms]
2024-10-03 20:11:51.201 [info] > git ls-files --stage -- /home/braceskabane/proposal/lainnya/lembar-pengesahan.tex [1ms]
2024-10-03 20:11:51.209 [info] > git cat-file -s 852f603e5b567ac5d18354796e8f6973c01c1247 [1ms]
2024-10-03 20:12:58.602 [info] > git config --get commit.template [13ms]
2024-10-03 20:12:58.603 [info] > git for-each-ref --format=%(refname)%00%(upstream:short)%00%(objectname)%00%(upstream:track)%00%(upstream:remotename)%00%(upstream:remoteref) refs/heads/main refs/remotes/main [4ms]
2024-10-03 20:12:58.616 [info] > git status -z -uall --find-renames=50% [3ms]
2024-10-03 20:14:19.558 [info] > git show --textconv :sampul/konten-en.tex [7ms]
2024-10-03 20:14:19.559 [info] > git ls-files --stage -- /home/braceskabane/proposal/sampul/konten-en.tex [2ms]
2024-10-03 20:14:19.565 [info] > git cat-file -s 0aaf5e0acd50dfcb216865abcb8004786d08f42f [1ms]
2024-10-03 20:15:47.070 [info] > git config --get commit.template [11ms]
2024-10-03 20:15:47.070 [info] > git for-each-ref --format=%(refname)%00%(upstream:short)%00%(objectname)%00%(upstream:track)%00%(upstream:remotename)%00%(upstream:remoteref) refs/heads/main refs/remotes/main [1ms]
2024-10-03 20:15:47.085 [info] > git status -z -uall --find-renames=50% [2ms]
2024-10-03 20:15:50.129 [info] > git check-ignore -v -z --stdin [2ms]
2024-10-03 20:17:46.191 [info] > git show --textconv :sampul/sampul-luar.tex [11ms]
2024-10-03 20:17:46.193 [info] > git ls-files --stage -- /home/braceskabane/proposal/sampul/sampul-luar.tex [2ms]
2024-10-03 20:17:46.204 [info] > git cat-file -s 50bf6fb4aea52a7eb6214fd8bc9152ecc08e6283 [3ms]
2024-10-03 20:18:26.585 [info] > git show --textconv :pustaka/tanda-hubung.tex [5ms]
2024-10-03 20:18:26.585 [info] > git ls-files --stage -- /home/braceskabane/proposal/pustaka/tanda-hubung.tex [1ms]
2024-10-03 20:18:26.591 [info] > git cat-file -s fdbf3c000f4d036d5a2e22cc3d1e00f9fa92568a [1ms]
2024-10-03 20:18:53.027 [info] > git config --get commit.template [2ms]
2024-10-03 20:18:53.042 [info] > git for-each-ref --format=%(refname)%00%(upstream:short)%00%(objectname)%00%(upstream:track)%00%(upstream:remotename)%00%(upstream:remoteref) refs/heads/main refs/remotes/main [2ms]
2024-10-03 20:18:53.056 [info] > git status -z -uall --find-renames=50% [4ms]
2024-10-03 20:19:15.097 [info] > git config --get commit.template [11ms]
2024-10-03 20:19:15.098 [info] > git for-each-ref --format=%(refname)%00%(upstream:short)%00%(objectname)%00%(upstream:track)%00%(upstream:remotename)%00%(upstream:remoteref) refs/heads/main refs/remotes/main [2ms]
2024-10-03 20:19:15.112 [info] > git status -z -uall --find-renames=50% [4ms]
2024-10-03 20:19:27.478 [info] > git show --textconv :lainnya/lembar-pengesahan-en.tex [13ms]
2024-10-03 20:19:27.480 [info] > git ls-files --stage -- /home/braceskabane/proposal/lainnya/lembar-pengesahan-en.tex [4ms]
2024-10-03 20:19:27.494 [info] > git cat-file -s bff5ea0d9e144e23a17babce3d52b6e129e2f454 [3ms]
2024-10-03 20:20:56.001 [info] > git show --textconv :konten/1-pendahuluan.tex [10ms]
2024-10-03 20:20:56.003 [info] > git ls-files --stage -- /home/braceskabane/proposal/konten/1-pendahuluan.tex [3ms]
2024-10-03 20:20:56.015 [info] > git cat-file -s d63e1f45632f6fd13167b30b78ece6f715c14bdb [1ms]
2024-10-03 22:24:46.611 [info] > git show --textconv :pustaka/tanda-hubung.tex [26ms]
2024-10-03 22:24:46.613 [info] > git ls-files --stage -- /home/braceskabane/proposal/pustaka/tanda-hubung.tex [3ms]
2024-10-03 22:24:46.636 [info] > git cat-file -s fdbf3c000f4d036d5a2e22cc3d1e00f9fa92568a [1ms]
2024-10-03 22:25:02.818 [info] > git show --textconv :pustaka/pustaka.bib [10ms]
2024-10-03 22:25:02.819 [info] > git ls-files --stage -- /home/braceskabane/proposal/pustaka/pustaka.bib [2ms]
2024-10-03 22:25:02.833 [info] > git cat-file -s b3d0dbcbd07044d37e29421d9aa40d22346d306c [2ms]
2024-10-04 01:00:48.032 [info] > git config --get commit.template [31ms]
2024-10-04 01:00:48.035 [info] > git for-each-ref --format=%(refname)%00%(upstream:short)%00%(objectname)%00%(upstream:track)%00%(upstream:remotename)%00%(upstream:remoteref) refs/heads/main refs/remotes/main [6ms]
2024-10-04 01:00:48.070 [info] > git status -z -uall --find-renames=50% [11ms]
2024-10-04 03:38:34.129 [info] > git config --get commit.template [43ms]
2024-10-04 03:38:34.131 [info] > git for-each-ref --format=%(refname)%00%(upstream:short)%00%(objectname)%00%(upstream:track)%00%(upstream:remotename)%00%(upstream:remoteref) refs/heads/main refs/remotes/main [4ms]
2024-10-04 03:38:34.168 [info] > git status -z -uall --find-renames=50% [11ms]
2024-10-04 03:38:52.028 [info] > git config --get commit.template [2ms]
2024-10-04 03:38:52.040 [info] > git for-each-ref --format=%(refname)%00%(upstream:short)%00%(objectname)%00%(upstream:track)%00%(upstream:remotename)%00%(upstream:remoteref) refs/heads/main refs/remotes/main [1ms]
2024-10-04 03:38:52.061 [info] > git status -z -uall --find-renames=50% [2ms]
2024-10-04 03:39:24.860 [info] > git config --get commit.template [8ms]
2024-10-04 03:39:24.861 [info] > git for-each-ref --format=%(refname)%00%(upstream:short)%00%(objectname)%00%(upstream:track)%00%(upstream:remotename)%00%(upstream:remoteref) refs/heads/main refs/remotes/main [2ms]
2024-10-04 03:39:24.877 [info] > git status -z -uall --find-renames=50% [2ms]
2024-10-04 03:39:29.904 [info] > git config --get commit.template [1ms]
2024-10-04 03:39:29.918 [info] > git for-each-ref --format=%(refname)%00%(upstream:short)%00%(objectname)%00%(upstream:track)%00%(upstream:remotename)%00%(upstream:remoteref) refs/heads/main refs/remotes/main [2ms]
2024-10-04 03:39:29.932 [info] > git status -z -uall --find-renames=50% [3ms]
2024-10-04 03:51:07.063 [info] > git show --textconv :pustaka/pustaka.bib [15ms]
2024-10-04 03:51:07.065 [info] > git ls-files --stage -- /home/braceskabane/proposal/pustaka/pustaka.bib [4ms]
2024-10-04 03:51:07.080 [info] > git cat-file -s b3d0dbcbd07044d37e29421d9aa40d22346d306c [1ms]
2024-10-04 03:51:12.603 [info] > git show --textconv :pustaka/tanda-hubung.tex [16ms]
2024-10-04 03:51:12.603 [info] > git ls-files --stage -- /home/braceskabane/proposal/pustaka/tanda-hubung.tex [2ms]
2024-10-04 03:51:12.614 [info] > git cat-file -s fdbf3c000f4d036d5a2e22cc3d1e00f9fa92568a [4ms]
2024-10-04 03:51:15.056 [info] > git show --textconv :pustaka/pustaka.bib [13ms]
2024-10-04 03:51:15.058 [info] > git ls-files --stage -- /home/braceskabane/proposal/pustaka/pustaka.bib [3ms]
2024-10-04 03:51:15.068 [info] > git cat-file -s b3d0dbcbd07044d37e29421d9aa40d22346d306c [1ms]
2024-10-04 03:51:40.887 [info] > git show --textconv :pustaka/tanda-hubung.tex [12ms]
2024-10-04 03:51:40.888 [info] > git ls-files --stage -- /home/braceskabane/proposal/pustaka/tanda-hubung.tex [2ms]
2024-10-04 03:51:40.897 [info] > git cat-file -s fdbf3c000f4d036d5a2e22cc3d1e00f9fa92568a [1ms]
2024-10-04 03:51:49.208 [info] > git show --textconv :pustaka/pustaka.bib [7ms]
2024-10-04 03:51:49.209 [info] > git ls-files --stage -- /home/braceskabane/proposal/pustaka/pustaka.bib [1ms]
2024-10-04 03:51:49.215 [info] > git cat-file -s b3d0dbcbd07044d37e29421d9aa40d22346d306c [1ms]
2024-10-04 03:55:57.508 [info] > git config --get commit.template [14ms]
2024-10-04 03:55:57.508 [info] > git for-each-ref --format=%(refname)%00%(upstream:short)%00%(objectname)%00%(upstream:track)%00%(upstream:remotename)%00%(upstream:remoteref) refs/heads/main refs/remotes/main [2ms]
2024-10-04 03:55:57.525 [info] > git status -z -uall --find-renames=50% [5ms]
2024-10-04 03:57:14.508 [info] > git config --get commit.template [1ms]
2024-10-04 03:57:14.517 [info] > git for-each-ref --format=%(refname)%00%(upstream:short)%00%(objectname)%00%(upstream:track)%00%(upstream:remotename)%00%(upstream:remoteref) refs/heads/main refs/remotes/main [1ms]
2024-10-04 03:57:14.528 [info] > git status -z -uall --find-renames=50% [2ms]
2024-10-04 03:57:17.715 [info] > git config --get commit.template [10ms]
2024-10-04 03:57:17.716 [info] > git for-each-ref --format=%(refname)%00%(upstream:short)%00%(objectname)%00%(upstream:track)%00%(upstream:remotename)%00%(upstream:remoteref) refs/heads/main refs/remotes/main [2ms]
2024-10-04 03:57:17.727 [info] > git status -z -uall --find-renames=50% [4ms]
2024-10-04 03:57:22.754 [info] > git config --get commit.template [3ms]
2024-10-04 03:57:22.771 [info] > git for-each-ref --format=%(refname)%00%(upstream:short)%00%(objectname)%00%(upstream:track)%00%(upstream:remotename)%00%(upstream:remoteref) refs/heads/main refs/remotes/main [3ms]
2024-10-04 03:57:22.786 [info] > git status -z -uall --find-renames=50% [4ms]
2024-10-04 03:57:23.814 [info] > git show --textconv :konten/2-tinjauan-pustaka.tex [13ms]
2024-10-04 03:57:23.814 [info] > git ls-files --stage -- /home/braceskabane/proposal/konten/2-tinjauan-pustaka.tex [1ms]
2024-10-04 03:57:23.824 [info] > git cat-file -s d6c222dd218b02d3c58280add1db0155e90189a2 [2ms]
2024-10-04 03:57:28.501 [info] > git show --textconv :konten/3-metodologi.tex [15ms]
2024-10-04 03:57:28.502 [info] > git ls-files --stage -- /home/braceskabane/proposal/konten/3-metodologi.tex [3ms]
2024-10-04 03:57:28.516 [info] > git cat-file -s f62b5c06018bb918703659bca8f2e8f79a0fe84c [2ms]
2024-10-04 03:57:30.504 [info] > git show --textconv :konten/4-lainnya.tex [12ms]
2024-10-04 03:57:30.506 [info] > git ls-files --stage -- /home/braceskabane/proposal/konten/4-lainnya.tex [2ms]
2024-10-04 03:57:30.536 [info] > git cat-file -s 56c10bca35a9716de7db418bfb2b3d2f0e082f7c [1ms]
2024-10-04 03:57:32.081 [info] > git show --textconv :konten/5-jadwal-penelitian.tex [15ms]
2024-10-04 03:57:32.082 [info] > git ls-files --stage -- /home/braceskabane/proposal/konten/5-jadwal-penelitian.tex [3ms]
2024-10-04 03:57:32.093 [info] > git cat-file -s 5382ab962b694a4688953b5f4743241f3661ea25 [1ms]
2024-10-04 03:57:37.378 [info] > git show --textconv :konten/4-lainnya.tex [13ms]
2024-10-04 03:57:37.380 [info] > git ls-files --stage -- /home/braceskabane/proposal/konten/4-lainnya.tex [2ms]
2024-10-04 03:57:37.392 [info] > git cat-file -s 56c10bca35a9716de7db418bfb2b3d2f0e082f7c [2ms]
2024-10-04 03:57:38.311 [info] > git show --textconv :konten/3-metodologi.tex [12ms]
2024-10-04 03:57:38.312 [info] > git ls-files --stage -- /home/braceskabane/proposal/konten/3-metodologi.tex [1ms]
2024-10-04 03:57:38.326 [info] > git cat-file -s f62b5c06018bb918703659bca8f2e8f79a0fe84c [3ms]
2024-10-04 03:58:12.300 [info] > git show --textconv :konten/2-tinjauan-pustaka.tex [9ms]
2024-10-04 03:58:12.302 [info] > git ls-files --stage -- /home/braceskabane/proposal/konten/2-tinjauan-pustaka.tex [4ms]
2024-10-04 03:58:12.312 [info] > git cat-file -s d6c222dd218b02d3c58280add1db0155e90189a2 [1ms]
2024-10-04 04:06:36.979 [info] > git config --get commit.template [13ms]
2024-10-04 04:06:36.981 [info] > git for-each-ref --format=%(refname)%00%(upstream:short)%00%(objectname)%00%(upstream:track)%00%(upstream:remotename)%00%(upstream:remoteref) refs/heads/main refs/remotes/main [2ms]
2024-10-04 04:06:36.996 [info] > git status -z -uall --find-renames=50% [4ms]
2024-10-04 04:09:11.895 [info] > git config --get commit.template [0ms]
2024-10-04 04:09:11.902 [info] > git for-each-ref --format=%(refname)%00%(upstream:short)%00%(objectname)%00%(upstream:track)%00%(upstream:remotename)%00%(upstream:remoteref) refs/heads/main refs/remotes/main [1ms]
2024-10-04 04:09:11.910 [info] > git status -z -uall --find-renames=50% [2ms]
2024-10-04 04:10:29.350 [info] > git config --get commit.template [1ms]
2024-10-04 04:10:29.357 [info] > git for-each-ref --format=%(refname)%00%(upstream:short)%00%(objectname)%00%(upstream:track)%00%(upstream:remotename)%00%(upstream:remoteref) refs/heads/main refs/remotes/main [1ms]
2024-10-04 04:10:29.366 [info] > git status -z -uall --find-renames=50% [3ms]
2024-10-04 04:11:05.427 [info] > git config --get commit.template [1ms]
2024-10-04 04:11:05.439 [info] > git for-each-ref --format=%(refname)%00%(upstream:short)%00%(objectname)%00%(upstream:track)%00%(upstream:remotename)%00%(upstream:remoteref) refs/heads/main refs/remotes/main [2ms]
2024-10-04 04:11:05.452 [info] > git status -z -uall --find-renames=50% [4ms]
2024-10-04 04:30:14.122 [info] > git config --get commit.template [3ms]
2024-10-04 04:30:14.132 [info] > git for-each-ref --format=%(refname)%00%(upstream:short)%00%(objectname)%00%(upstream:track)%00%(upstream:remotename)%00%(upstream:remoteref) refs/heads/main refs/remotes/main [2ms]
2024-10-04 04:30:14.150 [info] > git status -z -uall --find-renames=50% [5ms]
2024-10-04 04:30:48.255 [info] > git config --get commit.template [12ms]
2024-10-04 04:30:48.256 [info] > git for-each-ref --format=%(refname)%00%(upstream:short)%00%(objectname)%00%(upstream:track)%00%(upstream:remotename)%00%(upstream:remoteref) refs/heads/main refs/remotes/main [2ms]
2024-10-04 04:30:48.269 [info] > git status -z -uall --find-renames=50% [3ms]
2024-10-04 04:34:44.668 [info] > git config --get commit.template [2ms]
2024-10-04 04:34:44.684 [info] > git for-each-ref --format=%(refname)%00%(upstream:short)%00%(objectname)%00%(upstream:track)%00%(upstream:remotename)%00%(upstream:remoteref) refs/heads/main refs/remotes/main [3ms]
2024-10-04 04:34:44.705 [info] > git status -z -uall --find-renames=50% [5ms]
2024-10-04 04:39:06.579 [info] > git config --get commit.template [13ms]
2024-10-04 04:39:06.579 [info] > git for-each-ref --format=%(refname)%00%(upstream:short)%00%(objectname)%00%(upstream:track)%00%(upstream:remotename)%00%(upstream:remoteref) refs/heads/main refs/remotes/main [2ms]
2024-10-04 04:39:06.595 [info] > git status -z -uall --find-renames=50% [4ms]
2024-10-04 04:41:23.892 [info] > git config --get commit.template [1ms]
2024-10-04 04:41:23.905 [info] > git for-each-ref --format=%(refname)%00%(upstream:short)%00%(objectname)%00%(upstream:track)%00%(upstream:remotename)%00%(upstream:remoteref) refs/heads/main refs/remotes/main [2ms]
2024-10-04 04:41:23.920 [info] > git status -z -uall --find-renames=50% [4ms]
2024-10-04 04:41:58.717 [info] > git config --get commit.template [2ms]
2024-10-04 04:41:58.732 [info] > git for-each-ref --format=%(refname)%00%(upstream:short)%00%(objectname)%00%(upstream:track)%00%(upstream:remotename)%00%(upstream:remoteref) refs/heads/main refs/remotes/main [2ms]
2024-10-04 04:41:58.748 [info] > git status -z -uall --find-renames=50% [4ms]
2024-10-04 04:42:42.225 [info] > git config --get commit.template [2ms]
2024-10-04 04:42:42.238 [info] > git for-each-ref --format=%(refname)%00%(upstream:short)%00%(objectname)%00%(upstream:track)%00%(upstream:remotename)%00%(upstream:remoteref) refs/heads/main refs/remotes/main [3ms]
2024-10-04 04:42:42.254 [info] > git status -z -uall --find-renames=50% [5ms]
2024-10-04 04:43:26.634 [info] > git config --get commit.template [13ms]
2024-10-04 04:43:26.635 [info] > git for-each-ref --format=%(refname)%00%(upstream:short)%00%(objectname)%00%(upstream:track)%00%(upstream:remotename)%00%(upstream:remoteref) refs/heads/main refs/remotes/main [2ms]
2024-10-04 04:43:26.649 [info] > git status -z -uall --find-renames=50% [3ms]
2024-10-04 04:46:12.055 [info] > git config --get commit.template [1ms]
2024-10-04 04:46:12.064 [info] > git for-each-ref --format=%(refname)%00%(upstream:short)%00%(objectname)%00%(upstream:track)%00%(upstream:remotename)%00%(upstream:remoteref) refs/heads/main refs/remotes/main [1ms]
2024-10-04 04:46:12.074 [info] > git status -z -uall --find-renames=50% [2ms]
2024-10-04 04:46:58.283 [info] > git config --get commit.template [2ms]
2024-10-04 04:46:58.296 [info] > git for-each-ref --format=%(refname)%00%(upstream:short)%00%(objectname)%00%(upstream:track)%00%(upstream:remotename)%00%(upstream:remoteref) refs/heads/main refs/remotes/main [1ms]
2024-10-04 04:46:58.308 [info] > git status -z -uall --find-renames=50% [3ms]
