2024-10-04 18:50:26.979 [info] Log level: Info
2024-10-04 18:50:26.979 [info] Validating found git in: "git"
2024-10-04 18:50:26.979 [info] Using git "2.43.0" from "git"
2024-10-04 18:50:26.983 [info] > git rev-parse --show-toplevel [32ms]
2024-10-04 18:50:26.994 [info] > git rev-parse --git-dir --git-common-dir [4ms]
2024-10-04 18:50:27.002 [info] Open repository: /home/braceskabane/proposal
2024-10-04 18:50:27.017 [info] > git rev-parse --show-toplevel [9ms]
2024-10-04 18:50:27.052 [info] > git rev-parse --show-toplevel [30ms]
2024-10-04 18:50:27.059 [info] > git config --get commit.template [42ms]
2024-10-04 18:50:27.069 [info] > git rev-parse --show-toplevel [10ms]
2024-10-04 18:50:27.085 [info] > git rev-parse --show-toplevel [10ms]
2024-10-04 18:50:27.096 [info] > git rev-parse --show-toplevel [5ms]
2024-10-04 18:50:27.101 [info] > git for-each-ref --format=%(refname)%00%(upstream:short)%00%(objectname)%00%(upstream:track)%00%(upstream:remotename)%00%(upstream:remoteref) refs/heads/main refs/remotes/main [18ms]
2024-10-04 18:50:27.115 [info] > git rev-parse --show-toplevel [14ms]
2024-10-04 18:50:27.125 [info] > git status -z -uall --find-renames=50% [17ms]
2024-10-04 18:50:27.126 [info] > git rev-parse --show-toplevel [3ms]
2024-10-04 18:50:27.156 [info] > git config --get commit.template [10ms]
2024-10-04 18:50:27.166 [info] > git for-each-ref --format=%(refname)%00%(upstream:short)%00%(objectname)%00%(upstream:track)%00%(upstream:remotename)%00%(upstream:remoteref) refs/heads/main refs/remotes/main [2ms]
2024-10-04 18:50:27.178 [info] > git status -z -uall --find-renames=50% [4ms]
2024-10-04 18:50:27.466 [info] > git show --textconv :sampul/konten-id.tex [31ms]
2024-10-04 18:50:27.466 [info] > git ls-files --stage -- /home/braceskabane/proposal/sampul/konten-id.tex [25ms]
2024-10-04 18:50:27.687 [info] > git cat-file -s 5af154f53af364359d08796a977a456fbd83ebdd [216ms]
2024-10-04 18:50:27.717 [info] > git check-ignore -v -z --stdin [21ms]
2024-10-04 18:50:34.065 [info] > git show --textconv :sampul/konten-en.tex [11ms]
2024-10-04 18:50:34.066 [info] > git ls-files --stage -- /home/braceskabane/proposal/sampul/konten-en.tex [1ms]
2024-10-04 18:50:34.077 [info] > git cat-file -s 0aaf5e0acd50dfcb216865abcb8004786d08f42f [3ms]
2024-10-04 18:50:37.555 [info] > git check-ignore -v -z --stdin [1ms]
2024-10-04 18:50:41.569 [info] > git check-ignore -v -z --stdin [1ms]
2024-10-04 18:50:41.989 [info] > git show --textconv :konten/1-pendahuluan.tex [11ms]
2024-10-04 18:50:41.990 [info] > git ls-files --stage -- /home/braceskabane/proposal/konten/1-pendahuluan.tex [2ms]
2024-10-04 18:50:42.010 [info] > git cat-file -s d63e1f45632f6fd13167b30b78ece6f715c14bdb [4ms]
2024-10-04 20:15:56.006 [info] > git check-ignore -v -z --stdin [9ms]
2024-10-04 20:16:53.279 [info] > git check-ignore -v -z --stdin [4ms]
2024-10-04 20:16:56.067 [info] > git check-ignore -v -z --stdin [2ms]
2024-10-04 20:16:57.048 [info] > git show --textconv :pustaka/pustaka.bib [23ms]
2024-10-04 20:16:57.050 [info] > git ls-files --stage -- /home/braceskabane/proposal/pustaka/pustaka.bib [3ms]
2024-10-04 20:16:57.072 [info] > git cat-file -s b3d0dbcbd07044d37e29421d9aa40d22346d306c [1ms]
2024-10-04 20:17:50.559 [info] > git config --get commit.template [3ms]
2024-10-04 20:17:50.570 [info] > git for-each-ref --format=%(refname)%00%(upstream:short)%00%(objectname)%00%(upstream:track)%00%(upstream:remotename)%00%(upstream:remoteref) refs/heads/main refs/remotes/main [3ms]
2024-10-04 20:17:50.595 [info] > git status -z -uall --find-renames=50% [6ms]
2024-10-04 20:17:55.615 [info] > git config --get commit.template [1ms]
2024-10-04 20:17:55.625 [info] > git for-each-ref --format=%(refname)%00%(upstream:short)%00%(objectname)%00%(upstream:track)%00%(upstream:remotename)%00%(upstream:remoteref) refs/heads/main refs/remotes/main [1ms]
2024-10-04 20:17:55.633 [info] > git status -z -uall --find-renames=50% [2ms]
2024-10-04 20:19:26.189 [info] > git config --get commit.template [2ms]
2024-10-04 20:19:26.199 [info] > git for-each-ref --format=%(refname)%00%(upstream:short)%00%(objectname)%00%(upstream:track)%00%(upstream:remotename)%00%(upstream:remoteref) refs/heads/main refs/remotes/main [1ms]
2024-10-04 20:19:26.249 [info] > git status -z -uall --find-renames=50% [39ms]
2024-10-04 20:19:31.285 [info] > git config --get commit.template [11ms]
2024-10-04 20:19:31.286 [info] > git for-each-ref --format=%(refname)%00%(upstream:short)%00%(objectname)%00%(upstream:track)%00%(upstream:remotename)%00%(upstream:remoteref) refs/heads/main refs/remotes/main [2ms]
2024-10-04 20:19:31.296 [info] > git status -z -uall --find-renames=50% [4ms]
2024-10-04 20:20:20.055 [info] > git check-ignore -v -z --stdin [1ms]
2024-10-04 20:20:20.703 [info] > git check-ignore -v -z --stdin [1ms]
2024-10-04 20:20:22.322 [info] > git config --get commit.template [16ms]
2024-10-04 20:20:22.323 [info] > git for-each-ref --format=%(refname)%00%(upstream:short)%00%(objectname)%00%(upstream:track)%00%(upstream:remotename)%00%(upstream:remoteref) refs/heads/main refs/remotes/main [4ms]
2024-10-04 20:20:22.342 [info] > git status -z -uall --find-renames=50% [6ms]
2024-10-04 20:20:41.914 [info] > git config --get commit.template [1ms]
2024-10-04 20:20:41.922 [info] > git for-each-ref --format=%(refname)%00%(upstream:short)%00%(objectname)%00%(upstream:track)%00%(upstream:remotename)%00%(upstream:remoteref) refs/heads/main refs/remotes/main [1ms]
2024-10-04 20:20:41.936 [info] > git status -z -uall --find-renames=50% [4ms]
2024-10-04 20:20:56.082 [info] > git config --get commit.template [11ms]
2024-10-04 20:20:56.083 [info] > git for-each-ref --format=%(refname)%00%(upstream:short)%00%(objectname)%00%(upstream:track)%00%(upstream:remotename)%00%(upstream:remoteref) refs/heads/main refs/remotes/main [2ms]
2024-10-04 20:20:56.097 [info] > git status -z -uall --find-renames=50% [3ms]
2024-10-04 20:21:16.186 [info] > git config --get commit.template [1ms]
2024-10-04 20:21:16.196 [info] > git for-each-ref --format=%(refname)%00%(upstream:short)%00%(objectname)%00%(upstream:track)%00%(upstream:remotename)%00%(upstream:remoteref) refs/heads/main refs/remotes/main [1ms]
2024-10-04 20:21:16.208 [info] > git status -z -uall --find-renames=50% [3ms]
2024-10-04 20:22:20.137 [info] > git config --get commit.template [1ms]
2024-10-04 20:22:20.151 [info] > git for-each-ref --format=%(refname)%00%(upstream:short)%00%(objectname)%00%(upstream:track)%00%(upstream:remotename)%00%(upstream:remoteref) refs/heads/main refs/remotes/main [2ms]
2024-10-04 20:22:20.168 [info] > git status -z -uall --find-renames=50% [4ms]
2024-10-04 20:24:28.583 [info] > git config --get commit.template [1ms]
2024-10-04 20:24:28.598 [info] > git for-each-ref --format=%(refname)%00%(upstream:short)%00%(objectname)%00%(upstream:track)%00%(upstream:remotename)%00%(upstream:remoteref) refs/heads/main refs/remotes/main [2ms]
2024-10-04 20:24:28.613 [info] > git status -z -uall --find-renames=50% [5ms]
2024-10-04 20:26:28.690 [info] > git config --get commit.template [2ms]
2024-10-04 20:26:28.698 [info] > git for-each-ref --format=%(refname)%00%(upstream:short)%00%(objectname)%00%(upstream:track)%00%(upstream:remotename)%00%(upstream:remoteref) refs/heads/main refs/remotes/main [1ms]
2024-10-04 20:26:28.708 [info] > git status -z -uall --find-renames=50% [2ms]
2024-10-04 20:27:12.715 [info] > git config --get commit.template [11ms]
2024-10-04 20:27:12.716 [info] > git for-each-ref --format=%(refname)%00%(upstream:short)%00%(objectname)%00%(upstream:track)%00%(upstream:remotename)%00%(upstream:remoteref) refs/heads/main refs/remotes/main [2ms]
2024-10-04 20:27:12.724 [info] > git status -z -uall --find-renames=50% [2ms]
2024-10-04 20:28:32.170 [info] > git config --get commit.template [0ms]
2024-10-04 20:28:32.184 [info] > git for-each-ref --format=%(refname)%00%(upstream:short)%00%(objectname)%00%(upstream:track)%00%(upstream:remotename)%00%(upstream:remoteref) refs/heads/main refs/remotes/main [2ms]
2024-10-04 20:28:32.198 [info] > git status -z -uall --find-renames=50% [5ms]
2024-10-04 20:30:54.379 [info] > git config --get commit.template [1ms]
2024-10-04 20:30:54.388 [info] > git for-each-ref --format=%(refname)%00%(upstream:short)%00%(objectname)%00%(upstream:track)%00%(upstream:remotename)%00%(upstream:remoteref) refs/heads/main refs/remotes/main [2ms]
2024-10-04 20:30:54.402 [info] > git status -z -uall --find-renames=50% [3ms]
2024-10-04 20:32:18.229 [info] > git config --get commit.template [1ms]
2024-10-04 20:32:18.238 [info] > git for-each-ref --format=%(refname)%00%(upstream:short)%00%(objectname)%00%(upstream:track)%00%(upstream:remotename)%00%(upstream:remoteref) refs/heads/main refs/remotes/main [1ms]
2024-10-04 20:32:18.249 [info] > git status -z -uall --find-renames=50% [2ms]
2024-10-04 20:33:31.465 [info] > git config --get commit.template [1ms]
2024-10-04 20:33:31.472 [info] > git for-each-ref --format=%(refname)%00%(upstream:short)%00%(objectname)%00%(upstream:track)%00%(upstream:remotename)%00%(upstream:remoteref) refs/heads/main refs/remotes/main [1ms]
2024-10-04 20:33:31.481 [info] > git status -z -uall --find-renames=50% [3ms]
2024-10-04 20:34:32.084 [info] > git config --get commit.template [9ms]
2024-10-04 20:34:32.085 [info] > git for-each-ref --format=%(refname)%00%(upstream:short)%00%(objectname)%00%(upstream:track)%00%(upstream:remotename)%00%(upstream:remoteref) refs/heads/main refs/remotes/main [1ms]
2024-10-04 20:34:32.093 [info] > git status -z -uall --find-renames=50% [2ms]
2024-10-04 22:37:46.105 [info] > git check-ignore -v -z --stdin [11ms]
2024-10-04 22:37:46.636 [info] > git check-ignore -v -z --stdin [2ms]
